<?xml version="1.0" encoding="UTF-8"?>
<testsuite name="com.pip.studentdetails.backend.StudentBackendApplicationTest" tests="2" skipped="0" failures="0" errors="0" timestamp="2026-02-17T16:41:25" hostname="BDC6-L-141HVWQ" time="4.867">
  <properties/>
  <testcase name="main_run()" classname="com.pip.studentdetails.backend.StudentBackendApplicationTest" time="4.44"/>
  <testcase name="contextLoads()" classname="com.pip.studentdetails.backend.StudentBackendApplicationTest" time="0.424"/>
  <system-out><![CDATA[22:11:06.715 [Test worker] DEBUG org.springframework.test.context.BootstrapUtils - Instantiating CacheAwareContextLoaderDelegate from class [org.springframework.test.context.cache.DefaultCacheAwareContextLoaderDelegate]
22:11:06.788 [Test worker] DEBUG org.springframework.test.context.BootstrapUtils - Instantiating BootstrapContext using constructor [public org.springframework.test.context.support.DefaultBootstrapContext(java.lang.Class,org.springframework.test.context.CacheAwareContextLoaderDelegate)]
22:11:07.021 [Test worker] DEBUG org.springframework.test.context.BootstrapUtils - Instantiating TestContextBootstrapper for test class [com.pip.studentdetails.backend.StudentBackendApplicationTest] from class [org.springframework.boot.test.context.SpringBootTestContextBootstrapper]
22:11:07.065 [Test worker] INFO org.springframework.boot.test.context.SpringBootTestContextBootstrapper - Neither @ContextConfiguration nor @ContextHierarchy found for test class [com.pip.studentdetails.backend.StudentBackendApplicationTest], using SpringBootContextLoader
22:11:07.085 [Test worker] DEBUG org.springframework.test.context.support.AbstractContextLoader - Did not detect default resource location for test class [com.pip.studentdetails.backend.StudentBackendApplicationTest]: class path resource [com/pip/studentdetails/backend/StudentBackendApplicationTest-context.xml] does not exist
22:11:07.086 [Test worker] DEBUG org.springframework.test.context.support.AbstractContextLoader - Did not detect default resource location for test class [com.pip.studentdetails.backend.StudentBackendApplicationTest]: class path resource [com/pip/studentdetails/backend/StudentBackendApplicationTestContext.groovy] does not exist
22:11:07.087 [Test worker] INFO org.springframework.test.context.support.AbstractContextLoader - Could not detect default resource locations for test class [com.pip.studentdetails.backend.StudentBackendApplicationTest]: no resource found for suffixes {-context.xml, Context.groovy}.
22:11:07.088 [Test worker] INFO org.springframework.test.context.support.AnnotationConfigContextLoaderUtils - Could not detect default configuration classes for test class [com.pip.studentdetails.backend.StudentBackendApplicationTest]: StudentBackendApplicationTest does not declare any static, non-private, non-final, nested classes annotated with @Configuration.
22:11:07.266 [Test worker] DEBUG org.springframework.test.context.support.ActiveProfilesUtils - Could not find an 'annotation declaring class' for annotation type [org.springframework.test.context.ActiveProfiles] and class [com.pip.studentdetails.backend.StudentBackendApplicationTest]
22:11:07.519 [Test worker] DEBUG org.springframework.context.annotation.ClassPathScanningCandidateComponentProvider - Identified candidate component class: file [C:\Users\harini.lebaku\Downloads\Harini\Harini\Project internal\student-details-backend\build\classes\java\main\com\pip\studentdetails\backend\StudentBackendApplication.class]
22:11:07.524 [Test worker] INFO org.springframework.boot.test.context.SpringBootTestContextBootstrapper - Found @SpringBootConfiguration com.pip.studentdetails.backend.StudentBackendApplication for test class com.pip.studentdetails.backend.StudentBackendApplicationTest
22:11:07.959 [Test worker] DEBUG org.springframework.boot.test.context.SpringBootTestContextBootstrapper - @TestExecutionListeners is not present for class [com.pip.studentdetails.backend.StudentBackendApplicationTest]: using defaults.
22:11:07.961 [Test worker] INFO org.springframework.boot.test.context.SpringBootTestContextBootstrapper - Loaded default TestExecutionListener class names from location [META-INF/spring.factories]: [org.springframework.boot.test.autoconfigure.restdocs.RestDocsTestExecutionListener, org.springframework.boot.test.autoconfigure.web.client.MockRestServiceServerResetTestExecutionListener, org.springframework.boot.test.autoconfigure.web.servlet.MockMvcPrintOnlyOnFailureTestExecutionListener, org.springframework.boot.test.autoconfigure.web.servlet.WebDriverTestExecutionListener, org.springframework.boot.test.autoconfigure.webservices.client.MockWebServiceServerTestExecutionListener, org.springframework.boot.test.mock.mockito.MockitoTestExecutionListener, org.springframework.boot.test.mock.mockito.ResetMocksTestExecutionListener, org.springframework.test.context.web.ServletTestExecutionListener, org.springframework.test.context.support.DirtiesContextBeforeModesTestExecutionListener, org.springframework.test.context.event.ApplicationEventsTestExecutionListener, org.springframework.test.context.support.DependencyInjectionTestExecutionListener, org.springframework.test.context.support.DirtiesContextTestExecutionListener, org.springframework.test.context.transaction.TransactionalTestExecutionListener, org.springframework.test.context.jdbc.SqlScriptsTestExecutionListener, org.springframework.test.context.event.EventPublishingTestExecutionListener]
22:11:08.018 [Test worker] INFO org.springframework.boot.test.context.SpringBootTestContextBootstrapper - Using TestExecutionListeners: [org.springframework.test.context.web.ServletTestExecutionListener@2c829dbc, org.springframework.test.context.support.DirtiesContextBeforeModesTestExecutionListener@57efc6fd, org.springframework.test.context.event.ApplicationEventsTestExecutionListener@839df62, org.springframework.boot.test.mock.mockito.MockitoTestExecutionListener@76e90da5, org.springframework.boot.test.autoconfigure.SpringBootDependencyInjectionTestExecutionListener@4e3e11b9, org.springframework.test.context.support.DirtiesContextTestExecutionListener@67cffead, org.springframework.test.context.transaction.TransactionalTestExecutionListener@214beff9, org.springframework.test.context.jdbc.SqlScriptsTestExecutionListener@1ff15a50, org.springframework.test.context.event.EventPublishingTestExecutionListener@217c23ce, org.springframework.boot.test.autoconfigure.restdocs.RestDocsTestExecutionListener@39de9bda, org.springframework.boot.test.autoconfigure.web.client.MockRestServiceServerResetTestExecutionListener@47148f3f, org.springframework.boot.test.autoconfigure.web.servlet.MockMvcPrintOnlyOnFailureTestExecutionListener@52226e57, org.springframework.boot.test.autoconfigure.web.servlet.WebDriverTestExecutionListener@1200458e, org.springframework.boot.test.autoconfigure.webservices.client.MockWebServiceServerTestExecutionListener@5fcd1c5f, org.springframework.boot.test.mock.mockito.ResetMocksTestExecutionListener@3cc30dee]
22:11:08.026 [Test worker] DEBUG org.springframework.test.context.support.AbstractDirtiesContextTestExecutionListener - Before test class: context [DefaultTestContext@66522ead testClass = StudentBackendApplicationTest, testInstance = [null], testMethod = [null], testException = [null], mergedContextConfiguration = [WebMergedContextConfiguration@5a484ce1 testClass = StudentBackendApplicationTest, locations = '{}', classes = '{class com.pip.studentdetails.backend.StudentBackendApplication}', contextInitializerClasses = '[]', activeProfiles = '{}', propertySourceLocations = '{}', propertySourceProperties = '{org.springframework.boot.test.context.SpringBootTestContextBootstrapper=true}', contextCustomizers = set[org.springframework.boot.test.autoconfigure.actuate.metrics.MetricsExportContextCustomizerFactory$DisableMetricExportContextCustomizer@6f1a80fb, org.springframework.boot.test.autoconfigure.properties.PropertyMappingContextCustomizer@0, org.springframework.boot.test.autoconfigure.web.servlet.WebDriverContextCustomizerFactory$Customizer@1fac1d5c, org.springframework.boot.test.context.filter.ExcludeFilterContextCustomizer@6850b758, org.springframework.boot.test.json.DuplicateJsonObjectContextCustomizerFactory$DuplicateJsonObjectContextCustomizer@3bddc676, org.springframework.boot.test.mock.mockito.MockitoContextCustomizer@0, org.springframework.boot.test.web.client.TestRestTemplateContextCustomizer@2a331b46, org.springframework.boot.test.context.SpringBootTestArgs@1, org.springframework.boot.test.context.SpringBootTestWebEnvironment@6970140a], resourceBasePath = 'src/main/webapp', contextLoader = 'org.springframework.boot.test.context.SpringBootContextLoader', parent = [null]], attributes = map['org.springframework.test.context.web.ServletTestExecutionListener.activateListener' -> true]], class annotated with @DirtiesContext [false] with mode [null].

  .   ____          _            __ _ _
 /\\ / ___'_ __ _ _(_)_ __  __ _ \ \ \ \
( ( )\___ | '_ | '_| | '_ \/ _` | \ \ \ \
 \\/  ___)| |_)| | | | | || (_| |  ) ) ) )
  '  |____| .__|_| |_|_| |_\__, | / / / /
 =========|_|==============|___/=/_/_/_/
 :: Spring Boot ::               (v2.7.18)

2026-02-17 22:11:08.835  INFO 26044 --- [    Test worker] c.p.s.b.StudentBackendApplicationTest    : Starting StudentBackendApplicationTest using Java 17.0.12 on bdc6-l-141hvwq with PID 26044 (started by harini.lebaku in C:\Users\harini.lebaku\Downloads\Harini\Harini\Project internal\student-details-backend)
2026-02-17 22:11:08.837  INFO 26044 --- [    Test worker] c.p.s.b.StudentBackendApplicationTest    : No active profile set, falling back to 1 default profile: "default"
2026-02-17 22:11:11.974  INFO 26044 --- [    Test worker] .s.d.r.c.RepositoryConfigurationDelegate : Bootstrapping Spring Data JPA repositories in DEFAULT mode.
2026-02-17 22:11:12.202  INFO 26044 --- [    Test worker] .s.d.r.c.RepositoryConfigurationDelegate : Finished Spring Data repository scanning in 195 ms. Found 2 JPA repository interfaces.
2026-02-17 22:11:14.242  INFO 26044 --- [    Test worker] o.hibernate.jpa.internal.util.LogHelper  : HHH000204: Processing PersistenceUnitInfo [name: default]
2026-02-17 22:11:14.571  INFO 26044 --- [    Test worker] org.hibernate.Version                    : HHH000412: Hibernate ORM core version 5.6.15.Final
2026-02-17 22:11:15.421  INFO 26044 --- [    Test worker] o.hibernate.annotations.common.Version   : HCANN000001: Hibernate Commons Annotations {5.1.2.Final}
2026-02-17 22:11:16.183  INFO 26044 --- [    Test worker] com.zaxxer.hikari.HikariDataSource       : HikariPool-1 - Starting...
2026-02-17 22:11:17.266  INFO 26044 --- [    Test worker] com.zaxxer.hikari.HikariDataSource       : HikariPool-1 - Start completed.
2026-02-17 22:11:17.356  INFO 26044 --- [    Test worker] org.hibernate.dialect.Dialect            : HHH000400: Using dialect: org.hibernate.dialect.PostgreSQLDialect
2026-02-17 22:11:20.236  INFO 26044 --- [    Test worker] o.h.e.t.j.p.i.JtaPlatformInitiator       : HHH000490: Using JtaPlatform implementation: [org.hibernate.engine.transaction.jta.platform.internal.NoJtaPlatform]
2026-02-17 22:11:20.275  INFO 26044 --- [    Test worker] j.LocalContainerEntityManagerFactoryBean : Initialized JPA EntityManagerFactory for persistence unit 'default'
2026-02-17 22:11:22.663  WARN 26044 --- [    Test worker] JpaBaseConfiguration$JpaWebConfiguration : spring.jpa.open-in-view is enabled by default. Therefore, database queries may be performed during view rendering. Explicitly configure spring.jpa.open-in-view to disable this warning
2026-02-17 22:11:25.077  INFO 26044 --- [    Test worker] c.p.s.b.StudentBackendApplicationTest    : Started StudentBackendApplicationTest in 16.956 seconds (JVM running for 22.683)

  .   ____          _            __ _ _
 /\\ / ___'_ __ _ _(_)_ __  __ _ \ \ \ \
( ( )\___ | '_ | '_| | '_ \/ _` | \ \ \ \
 \\/  ___)| |_)| | | | | || (_| |  ) ) ) )
  '  |____| .__|_| |_|_| |_\__, | / / / /
 =========|_|==============|___/=/_/_/_/
 :: Spring Boot ::               (v2.7.18)

2026-02-17 22:11:25.942  INFO 26044 --- [    Test worker] c.p.s.backend.StudentBackendApplication  : Starting StudentBackendApplication using Java 17.0.12 on bdc6-l-141hvwq with PID 26044 (started by harini.lebaku in C:\Users\harini.lebaku\Downloads\Harini\Harini\Project internal\student-details-backend)
2026-02-17 22:11:25.942  INFO 26044 --- [    Test worker] c.p.s.backend.StudentBackendApplication  : No active profile set, falling back to 1 default profile: "default"
2026-02-17 22:11:26.525  INFO 26044 --- [    Test worker] .s.d.r.c.RepositoryConfigurationDelegate : Bootstrapping Spring Data JPA repositories in DEFAULT mode.
2026-02-17 22:11:26.597  INFO 26044 --- [    Test worker] .s.d.r.c.RepositoryConfigurationDelegate : Finished Spring Data repository scanning in 70 ms. Found 2 JPA repository interfaces.
2026-02-17 22:11:27.328  INFO 26044 --- [    Test worker] o.s.b.w.embedded.tomcat.TomcatWebServer  : Tomcat initialized with port(s): 8082 (http)
2026-02-17 22:11:27.369  INFO 26044 --- [    Test worker] o.apache.catalina.core.StandardService   : Starting service [Tomcat]
2026-02-17 22:11:27.370  INFO 26044 --- [    Test worker] org.apache.catalina.core.StandardEngine  : Starting Servlet engine: [Apache Tomcat/9.0.83]
2026-02-17 22:11:27.919  INFO 26044 --- [    Test worker] o.a.c.c.C.[Tomcat].[localhost].[/]       : Initializing Spring embedded WebApplicationContext
2026-02-17 22:11:27.920  INFO 26044 --- [    Test worker] w.s.c.ServletWebServerApplicationContext : Root WebApplicationContext: initialization completed in 1970 ms
2026-02-17 22:11:28.176  INFO 26044 --- [    Test worker] o.hibernate.jpa.internal.util.LogHelper  : HHH000204: Processing PersistenceUnitInfo [name: default]
2026-02-17 22:11:28.199  INFO 26044 --- [    Test worker] com.zaxxer.hikari.HikariDataSource       : HikariPool-2 - Starting...
2026-02-17 22:11:28.897  INFO 26044 --- [    Test worker] com.zaxxer.hikari.HikariDataSource       : HikariPool-2 - Start completed.
2026-02-17 22:11:28.898  INFO 26044 --- [    Test worker] org.hibernate.dialect.Dialect            : HHH000400: Using dialect: org.hibernate.dialect.PostgreSQLDialect
2026-02-17 22:11:29.050  INFO 26044 --- [    Test worker] o.h.e.t.j.p.i.JtaPlatformInitiator       : HHH000490: Using JtaPlatform implementation: [org.hibernate.engine.transaction.jta.platform.internal.NoJtaPlatform]
2026-02-17 22:11:29.051  INFO 26044 --- [    Test worker] j.LocalContainerEntityManagerFactoryBean : Initialized JPA EntityManagerFactory for persistence unit 'default'
2026-02-17 22:11:29.284  WARN 26044 --- [    Test worker] JpaBaseConfiguration$JpaWebConfiguration : spring.jpa.open-in-view is enabled by default. Therefore, database queries may be performed during view rendering. Explicitly configure spring.jpa.open-in-view to disable this warning
2026-02-17 22:11:29.568  INFO 26044 --- [    Test worker] o.s.b.w.embedded.tomcat.TomcatWebServer  : Tomcat started on port(s): 8082 (http) with context path ''
2026-02-17 22:11:29.574  INFO 26044 --- [    Test worker] c.p.s.backend.StudentBackendApplication  : Started StudentBackendApplication in 3.769 seconds (JVM running for 27.182)
]]></system-out>
  <system-err><![CDATA[]]></system-err>
</testsuite>
