<?xml version="1.0" encoding="UTF-8"?>
<testsuite name="com.pip.studentdetails.backend.response.DepartmentTopperTest" tests="6" skipped="0" failures="0" errors="0" timestamp="2026-02-17T21:10:41" hostname="BDC6-L-141HVWQ" time="0.042">
  <properties/>
  <testcase name="toStringShouldContainFieldNamesAndValues()" classname="com.pip.studentdetails.backend.response.DepartmentTopperTest" time="0.012"/>
  <testcase name="negativeMarksAreAllowedUnlessYouValidateElsewhere()" classname="com.pip.studentdetails.backend.response.DepartmentTopperTest" time="0.001"/>
  <testcase name="equalsAndHashCodeShouldWorkForSameValues()" classname="com.pip.studentdetails.backend.response.DepartmentTopperTest" time="0.002"/>
  <testcase name="canHandleNullStringsIfBusinessLogicAllows()" classname="com.pip.studentdetails.backend.response.DepartmentTopperTest" time="0.002"/>
  <testcase name="equalsShouldDifferForDifferentValues()" classname="com.pip.studentdetails.backend.response.DepartmentTopperTest" time="0.011"/>
  <testcase name="shouldCreateRecordAndExposeValues()" classname="com.pip.studentdetails.backend.response.DepartmentTopperTest" time="0.001"/>
  <system-out><![CDATA[]]></system-out>
  <system-err><![CDATA[]]></system-err>
</testsuite>
