<?xml version="1.0" encoding="UTF-8"?>
<testsuite name="com.pip.studentdetails.backend.StudentBackendApplicationTest" tests="1" skipped="0" failures="0" errors="0" timestamp="2026-02-22T21:11:22" hostname="BDC6-L-141HVWQ" time="0.672">
  <properties/>
  <testcase name="contextLoads()" classname="com.pip.studentdetails.backend.StudentBackendApplicationTest" time="0.672"/>
  <system-out><![CDATA[02:41:01.032 [Test worker] DEBUG org.springframework.test.context.BootstrapUtils - Instantiating CacheAwareContextLoaderDelegate from class [org.springframework.test.context.cache.DefaultCacheAwareContextLoaderDelegate]
02:41:01.107 [Test worker] DEBUG org.springframework.test.context.BootstrapUtils - Instantiating BootstrapContext using constructor [public org.springframework.test.context.support.DefaultBootstrapContext(java.lang.Class,org.springframework.test.context.CacheAwareContextLoaderDelegate)]
02:41:01.317 [Test worker] DEBUG org.springframework.test.context.BootstrapUtils - Instantiating TestContextBootstrapper for test class [com.pip.studentdetails.backend.StudentBackendApplicationTest] from class [org.springframework.boot.test.context.SpringBootTestContextBootstrapper]
02:41:01.380 [Test worker] INFO org.springframework.boot.test.context.SpringBootTestContextBootstrapper - Neither @ContextConfiguration nor @ContextHierarchy found for test class [com.pip.studentdetails.backend.StudentBackendApplicationTest], using SpringBootContextLoader
02:41:01.405 [Test worker] DEBUG org.springframework.test.context.support.AbstractContextLoader - Did not detect default resource location for test class [com.pip.studentdetails.backend.StudentBackendApplicationTest]: class path resource [com/pip/studentdetails/backend/StudentBackendApplicationTest-context.xml] does not exist
02:41:01.413 [Test worker] DEBUG org.springframework.test.context.support.AbstractContextLoader - Did not detect default resource location for test class [com.pip.studentdetails.backend.StudentBackendApplicationTest]: class path resource [com/pip/studentdetails/backend/StudentBackendApplicationTestContext.groovy] does not exist
02:41:01.415 [Test worker] INFO org.springframework.test.context.support.AbstractContextLoader - Could not detect default resource locations for test class [com.pip.studentdetails.backend.StudentBackendApplicationTest]: no resource found for suffixes {-context.xml, Context.groovy}.
02:41:01.419 [Test worker] INFO org.springframework.test.context.support.AnnotationConfigContextLoaderUtils - Could not detect default configuration classes for test class [com.pip.studentdetails.backend.StudentBackendApplicationTest]: StudentBackendApplicationTest does not declare any static, non-private, non-final, nested classes annotated with @Configuration.
02:41:01.968 [Test worker] DEBUG org.springframework.context.annotation.ClassPathScanningCandidateComponentProvider - Identified candidate component class: file [C:\Users\harini.lebaku\Downloads\Harini\Harini\Project internal\student-details-backend\build\classes\java\main\com\pip\studentdetails\backend\StudentBackendApplication.class]
02:41:01.976 [Test worker] INFO org.springframework.boot.test.context.SpringBootTestContextBootstrapper - Found @SpringBootConfiguration com.pip.studentdetails.backend.StudentBackendApplication for test class com.pip.studentdetails.backend.StudentBackendApplicationTest
02:41:02.699 [Test worker] DEBUG org.springframework.boot.test.context.SpringBootTestContextBootstrapper - @TestExecutionListeners is not present for class [com.pip.studentdetails.backend.StudentBackendApplicationTest]: using defaults.
02:41:02.702 [Test worker] INFO org.springframework.boot.test.context.SpringBootTestContextBootstrapper - Loaded default TestExecutionListener class names from location [META-INF/spring.factories]: [org.springframework.boot.test.autoconfigure.restdocs.RestDocsTestExecutionListener, org.springframework.boot.test.autoconfigure.web.client.MockRestServiceServerResetTestExecutionListener, org.springframework.boot.test.autoconfigure.web.servlet.MockMvcPrintOnlyOnFailureTestExecutionListener, org.springframework.boot.test.autoconfigure.web.servlet.WebDriverTestExecutionListener, org.springframework.boot.test.autoconfigure.webservices.client.MockWebServiceServerTestExecutionListener, org.springframework.boot.test.mock.mockito.MockitoTestExecutionListener, org.springframework.boot.test.mock.mockito.ResetMocksTestExecutionListener, org.springframework.test.context.web.ServletTestExecutionListener, org.springframework.test.context.support.DirtiesContextBeforeModesTestExecutionListener, org.springframework.test.context.event.ApplicationEventsTestExecutionListener, org.springframework.test.context.support.DependencyInjectionTestExecutionListener, org.springframework.test.context.support.DirtiesContextTestExecutionListener, org.springframework.test.context.transaction.TransactionalTestExecutionListener, org.springframework.test.context.jdbc.SqlScriptsTestExecutionListener, org.springframework.test.context.event.EventPublishingTestExecutionListener]
02:41:02.802 [Test worker] INFO org.springframework.boot.test.context.SpringBootTestContextBootstrapper - Using TestExecutionListeners: [org.springframework.test.context.web.ServletTestExecutionListener@259b85d6, org.springframework.test.context.support.DirtiesContextBeforeModesTestExecutionListener@48eaf42f, org.springframework.test.context.event.ApplicationEventsTestExecutionListener@488f3dd1, org.springframework.boot.test.mock.mockito.MockitoTestExecutionListener@2091833, org.springframework.boot.test.autoconfigure.SpringBootDependencyInjectionTestExecutionListener@7bc58891, org.springframework.test.context.support.DirtiesContextTestExecutionListener@6411504a, org.springframework.test.context.transaction.TransactionalTestExecutionListener@554188ac, org.springframework.test.context.jdbc.SqlScriptsTestExecutionListener@1f43cab7, org.springframework.test.context.event.EventPublishingTestExecutionListener@481558ce, org.springframework.boot.test.autoconfigure.restdocs.RestDocsTestExecutionListener@2668c286, org.springframework.boot.test.autoconfigure.web.client.MockRestServiceServerResetTestExecutionListener@7f353a0f, org.springframework.boot.test.autoconfigure.web.servlet.MockMvcPrintOnlyOnFailureTestExecutionListener@7ea2412c, org.springframework.boot.test.autoconfigure.web.servlet.WebDriverTestExecutionListener@1c93b51e, org.springframework.boot.test.autoconfigure.webservices.client.MockWebServiceServerTestExecutionListener@7c0f28f8, org.springframework.boot.test.mock.mockito.ResetMocksTestExecutionListener@2abc8034]
02:41:02.816 [Test worker] DEBUG org.springframework.test.context.support.AbstractDirtiesContextTestExecutionListener - Before test class: context [DefaultTestContext@7bc6935c testClass = StudentBackendApplicationTest, testInstance = [null], testMethod = [null], testException = [null], mergedContextConfiguration = [WebMergedContextConfiguration@67bd351e testClass = StudentBackendApplicationTest, locations = '{}', classes = '{class com.pip.studentdetails.backend.StudentBackendApplication}', contextInitializerClasses = '[]', activeProfiles = '{test}', propertySourceLocations = '{}', propertySourceProperties = '{org.springframework.boot.test.context.SpringBootTestContextBootstrapper=true}', contextCustomizers = set[org.springframework.boot.test.autoconfigure.actuate.metrics.MetricsExportContextCustomizerFactory$DisableMetricExportContextCustomizer@44b194fe, org.springframework.boot.test.autoconfigure.properties.PropertyMappingContextCustomizer@0, org.springframework.boot.test.autoconfigure.web.servlet.WebDriverContextCustomizerFactory$Customizer@3ad4a7d6, org.springframework.boot.test.context.filter.ExcludeFilterContextCustomizer@f91da5e, org.springframework.boot.test.json.DuplicateJsonObjectContextCustomizerFactory$DuplicateJsonObjectContextCustomizer@7a04fea7, org.springframework.boot.test.mock.mockito.MockitoContextCustomizer@0, org.springframework.boot.test.web.client.TestRestTemplateContextCustomizer@26844abb, org.springframework.boot.test.context.SpringBootTestArgs@1, org.springframework.boot.test.context.SpringBootTestWebEnvironment@5910de75], resourceBasePath = 'src/main/webapp', contextLoader = 'org.springframework.boot.test.context.SpringBootContextLoader', parent = [null]], attributes = map['org.springframework.test.context.web.ServletTestExecutionListener.activateListener' -> true]], class annotated with @DirtiesContext [false] with mode [null].

  .   ____          _            __ _ _
 /\\ / ___'_ __ _ _(_)_ __  __ _ \ \ \ \
( ( )\___ | '_ | '_| | '_ \/ _` | \ \ \ \
 \\/  ___)| |_)| | | | | || (_| |  ) ) ) )
  '  |____| .__|_| |_|_| |_\__, | / / / /
 =========|_|==============|___/=/_/_/_/
 :: Spring Boot ::               (v2.7.18)

2026-02-23 02:41:04.657  INFO 40856 --- [    Test worker] c.p.s.b.StudentBackendApplicationTest    : Starting StudentBackendApplicationTest using Java 17.0.12 on bdc6-l-141hvwq with PID 40856 (started by harini.lebaku in C:\Users\harini.lebaku\Downloads\Harini\Harini\Project internal\student-details-backend)
2026-02-23 02:41:04.663  INFO 40856 --- [    Test worker] c.p.s.b.StudentBackendApplicationTest    : The following 1 profile is active: "test"
2026-02-23 02:41:07.500  INFO 40856 --- [    Test worker] .s.d.r.c.RepositoryConfigurationDelegate : Bootstrapping Spring Data JPA repositories in DEFAULT mode.
2026-02-23 02:41:07.775  INFO 40856 --- [    Test worker] .s.d.r.c.RepositoryConfigurationDelegate : Finished Spring Data repository scanning in 236 ms. Found 2 JPA repository interfaces.
2026-02-23 02:41:09.767  INFO 40856 --- [    Test worker] o.hibernate.jpa.internal.util.LogHelper  : HHH000204: Processing PersistenceUnitInfo [name: default]
2026-02-23 02:41:10.058  INFO 40856 --- [    Test worker] org.hibernate.Version                    : HHH000412: Hibernate ORM core version 5.6.15.Final
2026-02-23 02:41:10.930  INFO 40856 --- [    Test worker] o.hibernate.annotations.common.Version   : HCANN000001: Hibernate Commons Annotations {5.1.2.Final}
2026-02-23 02:41:11.590  INFO 40856 --- [    Test worker] com.zaxxer.hikari.HikariDataSource       : HikariPool-1 - Starting...
2026-02-23 02:41:13.006  INFO 40856 --- [    Test worker] com.zaxxer.hikari.HikariDataSource       : HikariPool-1 - Start completed.
2026-02-23 02:41:13.233  INFO 40856 --- [    Test worker] org.hibernate.dialect.Dialect            : HHH000400: Using dialect: org.hibernate.dialect.H2Dialect
Hibernate: drop table if exists department CASCADE 
Hibernate: drop table if exists semester CASCADE 
Hibernate: drop table if exists student CASCADE 
Hibernate: drop table if exists student_details CASCADE 
Hibernate: drop table if exists subject CASCADE 
Hibernate: create table department (department_id varchar(255) not null, department_name varchar(255) not null, primary key (department_id))
Hibernate: create table semester (semester_id varchar(255) not null, semester_name varchar(255) not null, primary key (semester_id))
Hibernate: create table student (student_id varchar(255) not null, section varchar(255) not null, student_name varchar(255) not null, department_id varchar(255) not null, primary key (student_id))
Hibernate: create table student_details (student_id varchar(255) not null, subject_id varchar(255) not null, marks integer, primary key (student_id, subject_id))
Hibernate: create table subject (subject_id varchar(255) not null, subject_name varchar(255) not null, semester_id varchar(255) not null, primary key (subject_id))
Hibernate: alter table student add constraint FKkh3m8c2tq2tgrgma1iyn7tvmx foreign key (department_id) references department
Hibernate: alter table student_details add constraint FKh0pjn1torhdht0xmsohf3stb2 foreign key (student_id) references student
Hibernate: alter table student_details add constraint FK5um95ya67whd79u94xjn44v0y foreign key (subject_id) references subject
Hibernate: alter table subject add constraint FKmphheehxn35mmxxh67nnexukv foreign key (semester_id) references semester
2026-02-23 02:41:16.863  INFO 40856 --- [    Test worker] o.h.e.t.j.p.i.JtaPlatformInitiator       : HHH000490: Using JtaPlatform implementation: [org.hibernate.engine.transaction.jta.platform.internal.NoJtaPlatform]
2026-02-23 02:41:16.917  INFO 40856 --- [    Test worker] j.LocalContainerEntityManagerFactoryBean : Initialized JPA EntityManagerFactory for persistence unit 'default'
2026-02-23 02:41:20.068  WARN 40856 --- [    Test worker] JpaBaseConfiguration$JpaWebConfiguration : spring.jpa.open-in-view is enabled by default. Therefore, database queries may be performed during view rendering. Explicitly configure spring.jpa.open-in-view to disable this warning
2026-02-23 02:41:22.777  INFO 40856 --- [    Test worker] c.p.s.b.StudentBackendApplicationTest    : Started StudentBackendApplicationTest in 19.774 seconds (JVM running for 28.827)
]]></system-out>
  <system-err><![CDATA[]]></system-err>
</testsuite>
