<?xml version="1.0" encoding="UTF-8"?>
<testsuite name="com.pip.studentdetails.backend.entity.SemesterTest" tests="6" skipped="0" failures="0" errors="0" timestamp="2026-02-23T05:41:11" hostname="BDC6-L-141HVWQ" time="0.02">
  <properties/>
  <testcase name="semesterDefaultConstructor_success()" classname="com.pip.studentdetails.backend.entity.SemesterTest" time="0.005"/>
  <testcase name="modifySubjects_addAndRemove_shouldReflectInCollection()" classname="com.pip.studentdetails.backend.entity.SemesterTest" time="0.004"/>
  <testcase name="semesterConvenienceConstructor_success()" classname="com.pip.studentdetails.backend.entity.SemesterTest" time="0.001"/>
  <testcase name="subjectsCollection_shouldPreserveInsertionOrder()" classname="com.pip.studentdetails.backend.entity.SemesterTest" time="0.001"/>
  <testcase name="backReferences_subjectsShouldPointToSameSemester_whenManuallyLinked()" classname="com.pip.studentdetails.backend.entity.SemesterTest" time="0.005"/>
  <testcase name="nullableAtLevel_semesterNameCanBeNullInPojo()" classname="com.pip.studentdetails.backend.entity.SemesterTest" time="0.001"/>
  <system-out><![CDATA[]]></system-out>
  <system-err><![CDATA[]]></system-err>
</testsuite>
