<?xml version="1.0" encoding="UTF-8"?>
<testsuite name="com.pip.studentdetails.backend.repository.StudentDetailsRepositoryTest" tests="4" skipped="0" failures="0" errors="0" timestamp="2026-02-22T22:08:03" hostname="BDC6-L-141HVWQ" time="0.41">
  <properties/>
  <testcase name="insertStudentDetails_FailDuplicateKey()" classname="com.pip.studentdetails.backend.repository.StudentDetailsRepositoryTest" time="0.346"/>
  <testcase name="insertStudentDetails_FailsWhenStudentDoesNotExist()" classname="com.pip.studentdetails.backend.repository.StudentDetailsRepositoryTest" time="0.021"/>
  <testcase name="insertStudentDetails_ShouldInsertRow()" classname="com.pip.studentdetails.backend.repository.StudentDetailsRepositoryTest" time="0.02"/>
  <testcase name="insertStudentDetails_FailsWhenSubjectDoesNotExist()" classname="com.pip.studentdetails.backend.repository.StudentDetailsRepositoryTest" time="0.018"/>
  <system-out><![CDATA[2026-02-23 03:37:55.605  INFO 42572 --- [    Test worker] b.t.a.o.j.DataJpaTestContextBootstrapper : Neither @ContextConfiguration nor @ContextHierarchy found for test class [com.pip.studentdetails.backend.repository.StudentDetailsRepositoryTest], using SpringBootContextLoader
2026-02-23 03:37:55.608  INFO 42572 --- [    Test worker] o.s.t.c.support.AbstractContextLoader    : Could not detect default resource locations for test class [com.pip.studentdetails.backend.repository.StudentDetailsRepositoryTest]: no resource found for suffixes {-context.xml, Context.groovy}.
2026-02-23 03:37:55.608  INFO 42572 --- [    Test worker] t.c.s.AnnotationConfigContextLoaderUtils : Could not detect default configuration classes for test class [com.pip.studentdetails.backend.repository.StudentDetailsRepositoryTest]: StudentDetailsRepositoryTest does not declare any static, non-private, non-final, nested classes annotated with @Configuration.
2026-02-23 03:37:55.677  INFO 42572 --- [    Test worker] .b.t.c.SpringBootTestContextBootstrapper : Found @SpringBootConfiguration com.pip.studentdetails.backend.StudentBackendApplication for test class com.pip.studentdetails.backend.repository.StudentDetailsRepositoryTest
2026-02-23 03:37:55.679  INFO 42572 --- [    Test worker] b.t.a.o.j.DataJpaTestContextBootstrapper : Loaded default TestExecutionListener class names from location [META-INF/spring.factories]: [org.springframework.boot.test.autoconfigure.restdocs.RestDocsTestExecutionListener, org.springframework.boot.test.autoconfigure.web.client.MockRestServiceServerResetTestExecutionListener, org.springframework.boot.test.autoconfigure.web.servlet.MockMvcPrintOnlyOnFailureTestExecutionListener, org.springframework.boot.test.autoconfigure.web.servlet.WebDriverTestExecutionListener, org.springframework.boot.test.autoconfigure.webservices.client.MockWebServiceServerTestExecutionListener, org.springframework.boot.test.mock.mockito.MockitoTestExecutionListener, org.springframework.boot.test.mock.mockito.ResetMocksTestExecutionListener, org.springframework.test.context.web.ServletTestExecutionListener, org.springframework.test.context.support.DirtiesContextBeforeModesTestExecutionListener, org.springframework.test.context.event.ApplicationEventsTestExecutionListener, org.springframework.test.context.support.DependencyInjectionTestExecutionListener, org.springframework.test.context.support.DirtiesContextTestExecutionListener, org.springframework.test.context.transaction.TransactionalTestExecutionListener, org.springframework.test.context.jdbc.SqlScriptsTestExecutionListener, org.springframework.test.context.event.EventPublishingTestExecutionListener]
2026-02-23 03:37:55.680  INFO 42572 --- [    Test worker] b.t.a.o.j.DataJpaTestContextBootstrapper : Using TestExecutionListeners: [org.springframework.test.context.web.ServletTestExecutionListener@cb4999d, org.springframework.test.context.support.DirtiesContextBeforeModesTestExecutionListener@8afd00e, org.springframework.test.context.event.ApplicationEventsTestExecutionListener@1bd7bdf, org.springframework.boot.test.mock.mockito.MockitoTestExecutionListener@69e0f16, org.springframework.boot.test.autoconfigure.SpringBootDependencyInjectionTestExecutionListener@2ece1629, org.springframework.test.context.support.DirtiesContextTestExecutionListener@58178c5e, org.springframework.test.context.transaction.TransactionalTestExecutionListener@329e6700, org.springframework.test.context.jdbc.SqlScriptsTestExecutionListener@440e28fa, org.springframework.test.context.event.EventPublishingTestExecutionListener@1aaf110c, org.springframework.boot.test.autoconfigure.restdocs.RestDocsTestExecutionListener@7e3e1b7b, org.springframework.boot.test.autoconfigure.web.client.MockRestServiceServerResetTestExecutionListener@3fd9c5db, org.springframework.boot.test.autoconfigure.web.servlet.MockMvcPrintOnlyOnFailureTestExecutionListener@a256322, org.springframework.boot.test.autoconfigure.web.servlet.WebDriverTestExecutionListener@6860341b, org.springframework.boot.test.autoconfigure.webservices.client.MockWebServiceServerTestExecutionListener@668b1faf, org.springframework.boot.test.mock.mockito.ResetMocksTestExecutionListener@170df9b8]

  .   ____          _            __ _ _
 /\\ / ___'_ __ _ _(_)_ __  __ _ \ \ \ \
( ( )\___ | '_ | '_| | '_ \/ _` | \ \ \ \
 \\/  ___)| |_)| | | | | || (_| |  ) ) ) )
  '  |____| .__|_| |_|_| |_\__, | / / / /
 =========|_|==============|___/=/_/_/_/
 :: Spring Boot ::               (v2.7.18)

2026-02-23 03:37:55.801  INFO 42572 --- [    Test worker] c.p.s.b.r.StudentDetailsRepositoryTest   : Starting StudentDetailsRepositoryTest using Java 17.0.12 on bdc6-l-141hvwq with PID 42572 (started by harini.lebaku in C:\Users\harini.lebaku\Downloads\Harini\Harini\Project internal\student-details-backend)
2026-02-23 03:37:55.801  INFO 42572 --- [    Test worker] c.p.s.b.r.StudentDetailsRepositoryTest   : The following 1 profile is active: "test"
2026-02-23 03:37:56.570  INFO 42572 --- [    Test worker] .s.d.r.c.RepositoryConfigurationDelegate : Bootstrapping Spring Data JPA repositories in DEFAULT mode.
2026-02-23 03:37:56.917  INFO 42572 --- [    Test worker] .s.d.r.c.RepositoryConfigurationDelegate : Finished Spring Data repository scanning in 287 ms. Found 2 JPA repository interfaces.
2026-02-23 03:37:57.099  INFO 42572 --- [    Test worker] beddedDataSourceBeanFactoryPostProcessor : Replacing 'dataSource' DataSource bean with embedded version
2026-02-23 03:37:57.369  INFO 42572 --- [    Test worker] o.s.j.d.e.EmbeddedDatabaseFactory        : Starting embedded database: url='jdbc:h2:mem:43b92e2f-249f-4fa7-b9ca-1faab5d2a332;DB_CLOSE_DELAY=-1;DB_CLOSE_ON_EXIT=false', username='sa'
2026-02-23 03:37:59.727  INFO 42572 --- [    Test worker] o.hibernate.jpa.internal.util.LogHelper  : HHH000204: Processing PersistenceUnitInfo [name: default]
2026-02-23 03:38:00.177  INFO 42572 --- [    Test worker] org.hibernate.Version                    : HHH000412: Hibernate ORM core version 5.6.15.Final
2026-02-23 03:38:00.413  INFO 42572 --- [    Test worker] o.hibernate.annotations.common.Version   : HCANN000001: Hibernate Commons Annotations {5.1.2.Final}
2026-02-23 03:38:00.787  INFO 42572 --- [    Test worker] org.hibernate.dialect.Dialect            : HHH000400: Using dialect: org.hibernate.dialect.H2Dialect
Hibernate: drop table if exists department CASCADE 
Hibernate: drop table if exists semester CASCADE 
Hibernate: drop table if exists student CASCADE 
Hibernate: drop table if exists student_details CASCADE 
Hibernate: drop table if exists subject CASCADE 
Hibernate: create table department (department_id varchar(255) not null, department_name varchar(255) not null, primary key (department_id))
Hibernate: create table semester (semester_id varchar(255) not null, semester_name varchar(255) not null, primary key (semester_id))
Hibernate: create table student (student_id varchar(255) not null, section varchar(255) not null, student_name varchar(255) not null, department_id varchar(255) not null, primary key (student_id))
Hibernate: create table student_details (student_id varchar(255) not null, subject_id varchar(255) not null, marks integer, primary key (student_id, subject_id))
Hibernate: create table subject (subject_id varchar(255) not null, subject_name varchar(255) not null, semester_id varchar(255) not null, primary key (subject_id))
Hibernate: alter table student add constraint FKkh3m8c2tq2tgrgma1iyn7tvmx foreign key (department_id) references department
Hibernate: alter table student_details add constraint FKh0pjn1torhdht0xmsohf3stb2 foreign key (student_id) references student
Hibernate: alter table student_details add constraint FK5um95ya67whd79u94xjn44v0y foreign key (subject_id) references subject
Hibernate: alter table subject add constraint FKmphheehxn35mmxxh67nnexukv foreign key (semester_id) references semester
2026-02-23 03:38:01.925  INFO 42572 --- [    Test worker] o.h.e.t.j.p.i.JtaPlatformInitiator       : HHH000490: Using JtaPlatform implementation: [org.hibernate.engine.transaction.jta.platform.internal.NoJtaPlatform]
2026-02-23 03:38:01.944  INFO 42572 --- [    Test worker] j.LocalContainerEntityManagerFactoryBean : Initialized JPA EntityManagerFactory for persistence unit 'default'
2026-02-23 03:38:03.044  INFO 42572 --- [    Test worker] c.p.s.b.r.StudentDetailsRepositoryTest   : Started StudentDetailsRepositoryTest in 7.364 seconds (JVM running for 31.175)
2026-02-23 03:38:03.071  INFO 42572 --- [    Test worker] o.s.t.c.transaction.TransactionContext   : Began transaction (1) for test context [DefaultTestContext@3cebec79 testClass = StudentDetailsRepositoryTest, testInstance = com.pip.studentdetails.backend.repository.StudentDetailsRepositoryTest@41d7798, testMethod = insertStudentDetails_FailDuplicateKey@StudentDetailsRepositoryTest, testException = [null], mergedContextConfiguration = [MergedContextConfiguration@4269ff03 testClass = StudentDetailsRepositoryTest, locations = '{}', classes = '{class com.pip.studentdetails.backend.StudentBackendApplication}', contextInitializerClasses = '[]', activeProfiles = '{test}', propertySourceLocations = '{}', propertySourceProperties = '{org.springframework.boot.test.autoconfigure.orm.jpa.DataJpaTestContextBootstrapper=true}', contextCustomizers = set[org.springframework.boot.test.autoconfigure.OverrideAutoConfigurationContextCustomizerFactory$DisableAutoConfigurationContextCustomizer@1618c98a, org.springframework.boot.test.autoconfigure.actuate.metrics.MetricsExportContextCustomizerFactory$DisableMetricExportContextCustomizer@25110bb9, org.springframework.boot.test.autoconfigure.filter.TypeExcludeFiltersContextCustomizer@351584c0, org.springframework.boot.test.autoconfigure.properties.PropertyMappingContextCustomizer@d222171a, org.springframework.boot.test.autoconfigure.web.servlet.WebDriverContextCustomizerFactory$Customizer@175957b6, [ImportsContextCustomizer@55702f49 key = [org.springframework.boot.autoconfigure.transaction.TransactionAutoConfiguration, org.springframework.boot.autoconfigure.data.jpa.JpaRepositoriesAutoConfiguration, org.springframework.boot.autoconfigure.jdbc.DataSourceAutoConfiguration, org.springframework.boot.test.autoconfigure.orm.jpa.TestEntityManagerAutoConfiguration, org.springframework.boot.autoconfigure.cache.CacheAutoConfiguration, org.springframework.boot.autoconfigure.orm.jpa.HibernateJpaAutoConfiguration, org.springframework.boot.autoconfigure.sql.init.SqlInitializationAutoConfiguration, org.springframework.boot.autoconfigure.jdbc.JdbcTemplateAutoConfiguration, org.springframework.boot.test.autoconfigure.jdbc.TestDatabaseAutoConfiguration, org.springframework.boot.autoconfigure.flyway.FlywayAutoConfiguration, org.springframework.boot.autoconfigure.jdbc.DataSourceTransactionManagerAutoConfiguration, org.springframework.boot.autoconfigure.liquibase.LiquibaseAutoConfiguration]], org.springframework.boot.test.context.filter.ExcludeFilterContextCustomizer@64f6dd19, org.springframework.boot.test.json.DuplicateJsonObjectContextCustomizerFactory$DuplicateJsonObjectContextCustomizer@7c56c911, org.springframework.boot.test.mock.mockito.MockitoContextCustomizer@0, org.springframework.boot.test.context.SpringBootTestArgs@1, org.springframework.boot.test.context.SpringBootTestWebEnvironment@0], contextLoader = 'org.springframework.boot.test.context.SpringBootContextLoader', parent = [null]], attributes = map['org.springframework.test.context.event.ApplicationEventsTestExecutionListener.recordApplicationEvents' -> false]]; transaction manager [org.springframework.orm.jpa.JpaTransactionManager@47062d1d]; rollback [true]
Hibernate: select department0_.department_id as departme1_0_0_, department0_.department_name as departme2_0_0_ from department department0_ where department0_.department_id=?
Hibernate: select student0_.student_id as student_1_2_0_, student0_.department_id as departme4_2_0_, student0_.section as section2_2_0_, student0_.student_name as student_3_2_0_ from student student0_ where student0_.student_id=?
Hibernate: select subject0_.subject_id as subject_1_4_0_, subject0_.semester_id as semester3_4_0_, subject0_.subject_name as subject_2_4_0_ from subject subject0_ where subject0_.subject_id=?
Hibernate: insert into student (department_id, section, student_name, student_id) values (?, ?, ?, ?)
Hibernate: INSERT INTO student_details(student_id, subject_id, marks)
VALUES (?, ?, ?)
Hibernate: INSERT INTO student_details(student_id, subject_id, marks)
VALUES (?, ?, ?)
2026-02-23 03:38:03.394  WARN 42572 --- [    Test worker] o.h.engine.jdbc.spi.SqlExceptionHelper   : SQL Error: 23505, SQLState: 23505
2026-02-23 03:38:03.394 ERROR 42572 --- [    Test worker] o.h.engine.jdbc.spi.SqlExceptionHelper   : Unique index or primary key violation: "PUBLIC.PRIMARY_KEY_C ON PUBLIC.STUDENT_DETAILS(STUDENT_ID, SUBJECT_ID) VALUES ( /* key:217 */ 'ST_031', 'SUB_007')"; SQL statement:
INSERT INTO student_details(student_id, subject_id, marks)
VALUES (?, ?, ?) [23505-214]
2026-02-23 03:38:03.394  INFO 42572 --- [    Test worker] o.s.t.c.transaction.TransactionContext   : Rolled back transaction for test: [DefaultTestContext@3cebec79 testClass = StudentDetailsRepositoryTest, testInstance = com.pip.studentdetails.backend.repository.StudentDetailsRepositoryTest@41d7798, testMethod = insertStudentDetails_FailDuplicateKey@StudentDetailsRepositoryTest, testException = [null], mergedContextConfiguration = [MergedContextConfiguration@4269ff03 testClass = StudentDetailsRepositoryTest, locations = '{}', classes = '{class com.pip.studentdetails.backend.StudentBackendApplication}', contextInitializerClasses = '[]', activeProfiles = '{test}', propertySourceLocations = '{}', propertySourceProperties = '{org.springframework.boot.test.autoconfigure.orm.jpa.DataJpaTestContextBootstrapper=true}', contextCustomizers = set[org.springframework.boot.test.autoconfigure.OverrideAutoConfigurationContextCustomizerFactory$DisableAutoConfigurationContextCustomizer@1618c98a, org.springframework.boot.test.autoconfigure.actuate.metrics.MetricsExportContextCustomizerFactory$DisableMetricExportContextCustomizer@25110bb9, org.springframework.boot.test.autoconfigure.filter.TypeExcludeFiltersContextCustomizer@351584c0, org.springframework.boot.test.autoconfigure.properties.PropertyMappingContextCustomizer@d222171a, org.springframework.boot.test.autoconfigure.web.servlet.WebDriverContextCustomizerFactory$Customizer@175957b6, [ImportsContextCustomizer@55702f49 key = [org.springframework.boot.autoconfigure.transaction.TransactionAutoConfiguration, org.springframework.boot.autoconfigure.data.jpa.JpaRepositoriesAutoConfiguration, org.springframework.boot.autoconfigure.jdbc.DataSourceAutoConfiguration, org.springframework.boot.test.autoconfigure.orm.jpa.TestEntityManagerAutoConfiguration, org.springframework.boot.autoconfigure.cache.CacheAutoConfiguration, org.springframework.boot.autoconfigure.orm.jpa.HibernateJpaAutoConfiguration, org.springframework.boot.autoconfigure.sql.init.SqlInitializationAutoConfiguration, org.springframework.boot.autoconfigure.jdbc.JdbcTemplateAutoConfiguration, org.springframework.boot.test.autoconfigure.jdbc.TestDatabaseAutoConfiguration, org.springframework.boot.autoconfigure.flyway.FlywayAutoConfiguration, org.springframework.boot.autoconfigure.jdbc.DataSourceTransactionManagerAutoConfiguration, org.springframework.boot.autoconfigure.liquibase.LiquibaseAutoConfiguration]], org.springframework.boot.test.context.filter.ExcludeFilterContextCustomizer@64f6dd19, org.springframework.boot.test.json.DuplicateJsonObjectContextCustomizerFactory$DuplicateJsonObjectContextCustomizer@7c56c911, org.springframework.boot.test.mock.mockito.MockitoContextCustomizer@0, org.springframework.boot.test.context.SpringBootTestArgs@1, org.springframework.boot.test.context.SpringBootTestWebEnvironment@0], contextLoader = 'org.springframework.boot.test.context.SpringBootContextLoader', parent = [null]], attributes = map['org.springframework.test.context.event.ApplicationEventsTestExecutionListener.recordApplicationEvents' -> false]]
2026-02-23 03:38:03.409  INFO 42572 --- [    Test worker] o.s.t.c.transaction.TransactionContext   : Began transaction (1) for test context [DefaultTestContext@3cebec79 testClass = StudentDetailsRepositoryTest, testInstance = com.pip.studentdetails.backend.repository.StudentDetailsRepositoryTest@3f0ea21d, testMethod = insertStudentDetails_FailsWhenStudentDoesNotExist@StudentDetailsRepositoryTest, testException = [null], mergedContextConfiguration = [MergedContextConfiguration@4269ff03 testClass = StudentDetailsRepositoryTest, locations = '{}', classes = '{class com.pip.studentdetails.backend.StudentBackendApplication}', contextInitializerClasses = '[]', activeProfiles = '{test}', propertySourceLocations = '{}', propertySourceProperties = '{org.springframework.boot.test.autoconfigure.orm.jpa.DataJpaTestContextBootstrapper=true}', contextCustomizers = set[org.springframework.boot.test.autoconfigure.OverrideAutoConfigurationContextCustomizerFactory$DisableAutoConfigurationContextCustomizer@1618c98a, org.springframework.boot.test.autoconfigure.actuate.metrics.MetricsExportContextCustomizerFactory$DisableMetricExportContextCustomizer@25110bb9, org.springframework.boot.test.autoconfigure.filter.TypeExcludeFiltersContextCustomizer@351584c0, org.springframework.boot.test.autoconfigure.properties.PropertyMappingContextCustomizer@d222171a, org.springframework.boot.test.autoconfigure.web.servlet.WebDriverContextCustomizerFactory$Customizer@175957b6, [ImportsContextCustomizer@55702f49 key = [org.springframework.boot.autoconfigure.transaction.TransactionAutoConfiguration, org.springframework.boot.autoconfigure.data.jpa.JpaRepositoriesAutoConfiguration, org.springframework.boot.autoconfigure.jdbc.DataSourceAutoConfiguration, org.springframework.boot.test.autoconfigure.orm.jpa.TestEntityManagerAutoConfiguration, org.springframework.boot.autoconfigure.cache.CacheAutoConfiguration, org.springframework.boot.autoconfigure.orm.jpa.HibernateJpaAutoConfiguration, org.springframework.boot.autoconfigure.sql.init.SqlInitializationAutoConfiguration, org.springframework.boot.autoconfigure.jdbc.JdbcTemplateAutoConfiguration, org.springframework.boot.test.autoconfigure.jdbc.TestDatabaseAutoConfiguration, org.springframework.boot.autoconfigure.flyway.FlywayAutoConfiguration, org.springframework.boot.autoconfigure.jdbc.DataSourceTransactionManagerAutoConfiguration, org.springframework.boot.autoconfigure.liquibase.LiquibaseAutoConfiguration]], org.springframework.boot.test.context.filter.ExcludeFilterContextCustomizer@64f6dd19, org.springframework.boot.test.json.DuplicateJsonObjectContextCustomizerFactory$DuplicateJsonObjectContextCustomizer@7c56c911, org.springframework.boot.test.mock.mockito.MockitoContextCustomizer@0, org.springframework.boot.test.context.SpringBootTestArgs@1, org.springframework.boot.test.context.SpringBootTestWebEnvironment@0], contextLoader = 'org.springframework.boot.test.context.SpringBootContextLoader', parent = [null]], attributes = map['org.springframework.test.context.event.ApplicationEventsTestExecutionListener.recordApplicationEvents' -> false]]; transaction manager [org.springframework.orm.jpa.JpaTransactionManager@47062d1d]; rollback [true]
Hibernate: select department0_.department_id as departme1_0_0_, department0_.department_name as departme2_0_0_ from department department0_ where department0_.department_id=?
Hibernate: select student0_.student_id as student_1_2_0_, student0_.department_id as departme4_2_0_, student0_.section as section2_2_0_, student0_.student_name as student_3_2_0_ from student student0_ where student0_.student_id=?
Hibernate: select subject0_.subject_id as subject_1_4_0_, subject0_.semester_id as semester3_4_0_, subject0_.subject_name as subject_2_4_0_ from subject subject0_ where subject0_.subject_id=?
Hibernate: insert into student (department_id, section, student_name, student_id) values (?, ?, ?, ?)
Hibernate: INSERT INTO student_details(student_id, subject_id, marks)
VALUES (?, ?, ?)
2026-02-23 03:38:03.422  WARN 42572 --- [    Test worker] o.h.engine.jdbc.spi.SqlExceptionHelper   : SQL Error: 23506, SQLState: 23506
2026-02-23 03:38:03.422 ERROR 42572 --- [    Test worker] o.h.engine.jdbc.spi.SqlExceptionHelper   : Referential integrity constraint violation: "FKH0PJN1TORHDHT0XMSOHF3STB2: PUBLIC.STUDENT_DETAILS FOREIGN KEY(STUDENT_ID) REFERENCES PUBLIC.STUDENT(STUDENT_ID) ('ST_999')"; SQL statement:
INSERT INTO student_details(student_id, subject_id, marks)
VALUES (?, ?, ?) [23506-214]
2026-02-23 03:38:03.427  INFO 42572 --- [    Test worker] o.s.t.c.transaction.TransactionContext   : Rolled back transaction for test: [DefaultTestContext@3cebec79 testClass = StudentDetailsRepositoryTest, testInstance = com.pip.studentdetails.backend.repository.StudentDetailsRepositoryTest@3f0ea21d, testMethod = insertStudentDetails_FailsWhenStudentDoesNotExist@StudentDetailsRepositoryTest, testException = [null], mergedContextConfiguration = [MergedContextConfiguration@4269ff03 testClass = StudentDetailsRepositoryTest, locations = '{}', classes = '{class com.pip.studentdetails.backend.StudentBackendApplication}', contextInitializerClasses = '[]', activeProfiles = '{test}', propertySourceLocations = '{}', propertySourceProperties = '{org.springframework.boot.test.autoconfigure.orm.jpa.DataJpaTestContextBootstrapper=true}', contextCustomizers = set[org.springframework.boot.test.autoconfigure.OverrideAutoConfigurationContextCustomizerFactory$DisableAutoConfigurationContextCustomizer@1618c98a, org.springframework.boot.test.autoconfigure.actuate.metrics.MetricsExportContextCustomizerFactory$DisableMetricExportContextCustomizer@25110bb9, org.springframework.boot.test.autoconfigure.filter.TypeExcludeFiltersContextCustomizer@351584c0, org.springframework.boot.test.autoconfigure.properties.PropertyMappingContextCustomizer@d222171a, org.springframework.boot.test.autoconfigure.web.servlet.WebDriverContextCustomizerFactory$Customizer@175957b6, [ImportsContextCustomizer@55702f49 key = [org.springframework.boot.autoconfigure.transaction.TransactionAutoConfiguration, org.springframework.boot.autoconfigure.data.jpa.JpaRepositoriesAutoConfiguration, org.springframework.boot.autoconfigure.jdbc.DataSourceAutoConfiguration, org.springframework.boot.test.autoconfigure.orm.jpa.TestEntityManagerAutoConfiguration, org.springframework.boot.autoconfigure.cache.CacheAutoConfiguration, org.springframework.boot.autoconfigure.orm.jpa.HibernateJpaAutoConfiguration, org.springframework.boot.autoconfigure.sql.init.SqlInitializationAutoConfiguration, org.springframework.boot.autoconfigure.jdbc.JdbcTemplateAutoConfiguration, org.springframework.boot.test.autoconfigure.jdbc.TestDatabaseAutoConfiguration, org.springframework.boot.autoconfigure.flyway.FlywayAutoConfiguration, org.springframework.boot.autoconfigure.jdbc.DataSourceTransactionManagerAutoConfiguration, org.springframework.boot.autoconfigure.liquibase.LiquibaseAutoConfiguration]], org.springframework.boot.test.context.filter.ExcludeFilterContextCustomizer@64f6dd19, org.springframework.boot.test.json.DuplicateJsonObjectContextCustomizerFactory$DuplicateJsonObjectContextCustomizer@7c56c911, org.springframework.boot.test.mock.mockito.MockitoContextCustomizer@0, org.springframework.boot.test.context.SpringBootTestArgs@1, org.springframework.boot.test.context.SpringBootTestWebEnvironment@0], contextLoader = 'org.springframework.boot.test.context.SpringBootContextLoader', parent = [null]], attributes = map['org.springframework.test.context.event.ApplicationEventsTestExecutionListener.recordApplicationEvents' -> false]]
2026-02-23 03:38:03.429  INFO 42572 --- [    Test worker] o.s.t.c.transaction.TransactionContext   : Began transaction (1) for test context [DefaultTestContext@3cebec79 testClass = StudentDetailsRepositoryTest, testInstance = com.pip.studentdetails.backend.repository.StudentDetailsRepositoryTest@59cbe3e1, testMethod = insertStudentDetails_ShouldInsertRow@StudentDetailsRepositoryTest, testException = [null], mergedContextConfiguration = [MergedContextConfiguration@4269ff03 testClass = StudentDetailsRepositoryTest, locations = '{}', classes = '{class com.pip.studentdetails.backend.StudentBackendApplication}', contextInitializerClasses = '[]', activeProfiles = '{test}', propertySourceLocations = '{}', propertySourceProperties = '{org.springframework.boot.test.autoconfigure.orm.jpa.DataJpaTestContextBootstrapper=true}', contextCustomizers = set[org.springframework.boot.test.autoconfigure.OverrideAutoConfigurationContextCustomizerFactory$DisableAutoConfigurationContextCustomizer@1618c98a, org.springframework.boot.test.autoconfigure.actuate.metrics.MetricsExportContextCustomizerFactory$DisableMetricExportContextCustomizer@25110bb9, org.springframework.boot.test.autoconfigure.filter.TypeExcludeFiltersContextCustomizer@351584c0, org.springframework.boot.test.autoconfigure.properties.PropertyMappingContextCustomizer@d222171a, org.springframework.boot.test.autoconfigure.web.servlet.WebDriverContextCustomizerFactory$Customizer@175957b6, [ImportsContextCustomizer@55702f49 key = [org.springframework.boot.autoconfigure.transaction.TransactionAutoConfiguration, org.springframework.boot.autoconfigure.data.jpa.JpaRepositoriesAutoConfiguration, org.springframework.boot.autoconfigure.jdbc.DataSourceAutoConfiguration, org.springframework.boot.test.autoconfigure.orm.jpa.TestEntityManagerAutoConfiguration, org.springframework.boot.autoconfigure.cache.CacheAutoConfiguration, org.springframework.boot.autoconfigure.orm.jpa.HibernateJpaAutoConfiguration, org.springframework.boot.autoconfigure.sql.init.SqlInitializationAutoConfiguration, org.springframework.boot.autoconfigure.jdbc.JdbcTemplateAutoConfiguration, org.springframework.boot.test.autoconfigure.jdbc.TestDatabaseAutoConfiguration, org.springframework.boot.autoconfigure.flyway.FlywayAutoConfiguration, org.springframework.boot.autoconfigure.jdbc.DataSourceTransactionManagerAutoConfiguration, org.springframework.boot.autoconfigure.liquibase.LiquibaseAutoConfiguration]], org.springframework.boot.test.context.filter.ExcludeFilterContextCustomizer@64f6dd19, org.springframework.boot.test.json.DuplicateJsonObjectContextCustomizerFactory$DuplicateJsonObjectContextCustomizer@7c56c911, org.springframework.boot.test.mock.mockito.MockitoContextCustomizer@0, org.springframework.boot.test.context.SpringBootTestArgs@1, org.springframework.boot.test.context.SpringBootTestWebEnvironment@0], contextLoader = 'org.springframework.boot.test.context.SpringBootContextLoader', parent = [null]], attributes = map['org.springframework.test.context.event.ApplicationEventsTestExecutionListener.recordApplicationEvents' -> false]]; transaction manager [org.springframework.orm.jpa.JpaTransactionManager@47062d1d]; rollback [true]
Hibernate: select department0_.department_id as departme1_0_0_, department0_.department_name as departme2_0_0_ from department department0_ where department0_.department_id=?
Hibernate: select student0_.student_id as student_1_2_0_, student0_.department_id as departme4_2_0_, student0_.section as section2_2_0_, student0_.student_name as student_3_2_0_ from student student0_ where student0_.student_id=?
Hibernate: select subject0_.subject_id as subject_1_4_0_, subject0_.semester_id as semester3_4_0_, subject0_.subject_name as subject_2_4_0_ from subject subject0_ where subject0_.subject_id=?
Hibernate: insert into student (department_id, section, student_name, student_id) values (?, ?, ?, ?)
Hibernate: INSERT INTO student_details(student_id, subject_id, marks)
VALUES (?, ?, ?)
Hibernate: select studentdet0_.student_id as student_1_3_0_, studentdet0_.subject_id as subject_2_3_0_, studentdet0_.marks as marks3_3_0_ from student_details studentdet0_ where studentdet0_.student_id=? and studentdet0_.subject_id=?
2026-02-23 03:38:03.440  INFO 42572 --- [    Test worker] o.s.t.c.transaction.TransactionContext   : Rolled back transaction for test: [DefaultTestContext@3cebec79 testClass = StudentDetailsRepositoryTest, testInstance = com.pip.studentdetails.backend.repository.StudentDetailsRepositoryTest@59cbe3e1, testMethod = insertStudentDetails_ShouldInsertRow@StudentDetailsRepositoryTest, testException = [null], mergedContextConfiguration = [MergedContextConfiguration@4269ff03 testClass = StudentDetailsRepositoryTest, locations = '{}', classes = '{class com.pip.studentdetails.backend.StudentBackendApplication}', contextInitializerClasses = '[]', activeProfiles = '{test}', propertySourceLocations = '{}', propertySourceProperties = '{org.springframework.boot.test.autoconfigure.orm.jpa.DataJpaTestContextBootstrapper=true}', contextCustomizers = set[org.springframework.boot.test.autoconfigure.OverrideAutoConfigurationContextCustomizerFactory$DisableAutoConfigurationContextCustomizer@1618c98a, org.springframework.boot.test.autoconfigure.actuate.metrics.MetricsExportContextCustomizerFactory$DisableMetricExportContextCustomizer@25110bb9, org.springframework.boot.test.autoconfigure.filter.TypeExcludeFiltersContextCustomizer@351584c0, org.springframework.boot.test.autoconfigure.properties.PropertyMappingContextCustomizer@d222171a, org.springframework.boot.test.autoconfigure.web.servlet.WebDriverContextCustomizerFactory$Customizer@175957b6, [ImportsContextCustomizer@55702f49 key = [org.springframework.boot.autoconfigure.transaction.TransactionAutoConfiguration, org.springframework.boot.autoconfigure.data.jpa.JpaRepositoriesAutoConfiguration, org.springframework.boot.autoconfigure.jdbc.DataSourceAutoConfiguration, org.springframework.boot.test.autoconfigure.orm.jpa.TestEntityManagerAutoConfiguration, org.springframework.boot.autoconfigure.cache.CacheAutoConfiguration, org.springframework.boot.autoconfigure.orm.jpa.HibernateJpaAutoConfiguration, org.springframework.boot.autoconfigure.sql.init.SqlInitializationAutoConfiguration, org.springframework.boot.autoconfigure.jdbc.JdbcTemplateAutoConfiguration, org.springframework.boot.test.autoconfigure.jdbc.TestDatabaseAutoConfiguration, org.springframework.boot.autoconfigure.flyway.FlywayAutoConfiguration, org.springframework.boot.autoconfigure.jdbc.DataSourceTransactionManagerAutoConfiguration, org.springframework.boot.autoconfigure.liquibase.LiquibaseAutoConfiguration]], org.springframework.boot.test.context.filter.ExcludeFilterContextCustomizer@64f6dd19, org.springframework.boot.test.json.DuplicateJsonObjectContextCustomizerFactory$DuplicateJsonObjectContextCustomizer@7c56c911, org.springframework.boot.test.mock.mockito.MockitoContextCustomizer@0, org.springframework.boot.test.context.SpringBootTestArgs@1, org.springframework.boot.test.context.SpringBootTestWebEnvironment@0], contextLoader = 'org.springframework.boot.test.context.SpringBootContextLoader', parent = [null]], attributes = map['org.springframework.test.context.event.ApplicationEventsTestExecutionListener.recordApplicationEvents' -> false]]
2026-02-23 03:38:03.453  INFO 42572 --- [    Test worker] o.s.t.c.transaction.TransactionContext   : Began transaction (1) for test context [DefaultTestContext@3cebec79 testClass = StudentDetailsRepositoryTest, testInstance = com.pip.studentdetails.backend.repository.StudentDetailsRepositoryTest@2deb650, testMethod = insertStudentDetails_FailsWhenSubjectDoesNotExist@StudentDetailsRepositoryTest, testException = [null], mergedContextConfiguration = [MergedContextConfiguration@4269ff03 testClass = StudentDetailsRepositoryTest, locations = '{}', classes = '{class com.pip.studentdetails.backend.StudentBackendApplication}', contextInitializerClasses = '[]', activeProfiles = '{test}', propertySourceLocations = '{}', propertySourceProperties = '{org.springframework.boot.test.autoconfigure.orm.jpa.DataJpaTestContextBootstrapper=true}', contextCustomizers = set[org.springframework.boot.test.autoconfigure.OverrideAutoConfigurationContextCustomizerFactory$DisableAutoConfigurationContextCustomizer@1618c98a, org.springframework.boot.test.autoconfigure.actuate.metrics.MetricsExportContextCustomizerFactory$DisableMetricExportContextCustomizer@25110bb9, org.springframework.boot.test.autoconfigure.filter.TypeExcludeFiltersContextCustomizer@351584c0, org.springframework.boot.test.autoconfigure.properties.PropertyMappingContextCustomizer@d222171a, org.springframework.boot.test.autoconfigure.web.servlet.WebDriverContextCustomizerFactory$Customizer@175957b6, [ImportsContextCustomizer@55702f49 key = [org.springframework.boot.autoconfigure.transaction.TransactionAutoConfiguration, org.springframework.boot.autoconfigure.data.jpa.JpaRepositoriesAutoConfiguration, org.springframework.boot.autoconfigure.jdbc.DataSourceAutoConfiguration, org.springframework.boot.test.autoconfigure.orm.jpa.TestEntityManagerAutoConfiguration, org.springframework.boot.autoconfigure.cache.CacheAutoConfiguration, org.springframework.boot.autoconfigure.orm.jpa.HibernateJpaAutoConfiguration, org.springframework.boot.autoconfigure.sql.init.SqlInitializationAutoConfiguration, org.springframework.boot.autoconfigure.jdbc.JdbcTemplateAutoConfiguration, org.springframework.boot.test.autoconfigure.jdbc.TestDatabaseAutoConfiguration, org.springframework.boot.autoconfigure.flyway.FlywayAutoConfiguration, org.springframework.boot.autoconfigure.jdbc.DataSourceTransactionManagerAutoConfiguration, org.springframework.boot.autoconfigure.liquibase.LiquibaseAutoConfiguration]], org.springframework.boot.test.context.filter.ExcludeFilterContextCustomizer@64f6dd19, org.springframework.boot.test.json.DuplicateJsonObjectContextCustomizerFactory$DuplicateJsonObjectContextCustomizer@7c56c911, org.springframework.boot.test.mock.mockito.MockitoContextCustomizer@0, org.springframework.boot.test.context.SpringBootTestArgs@1, org.springframework.boot.test.context.SpringBootTestWebEnvironment@0], contextLoader = 'org.springframework.boot.test.context.SpringBootContextLoader', parent = [null]], attributes = map['org.springframework.test.context.event.ApplicationEventsTestExecutionListener.recordApplicationEvents' -> false]]; transaction manager [org.springframework.orm.jpa.JpaTransactionManager@47062d1d]; rollback [true]
Hibernate: select department0_.department_id as departme1_0_0_, department0_.department_name as departme2_0_0_ from department department0_ where department0_.department_id=?
Hibernate: select student0_.student_id as student_1_2_0_, student0_.department_id as departme4_2_0_, student0_.section as section2_2_0_, student0_.student_name as student_3_2_0_ from student student0_ where student0_.student_id=?
Hibernate: select subject0_.subject_id as subject_1_4_0_, subject0_.semester_id as semester3_4_0_, subject0_.subject_name as subject_2_4_0_ from subject subject0_ where subject0_.subject_id=?
Hibernate: insert into student (department_id, section, student_name, student_id) values (?, ?, ?, ?)
Hibernate: INSERT INTO student_details(student_id, subject_id, marks)
VALUES (?, ?, ?)
2026-02-23 03:38:03.457  WARN 42572 --- [    Test worker] o.h.engine.jdbc.spi.SqlExceptionHelper   : SQL Error: 23506, SQLState: 23506
2026-02-23 03:38:03.457 ERROR 42572 --- [    Test worker] o.h.engine.jdbc.spi.SqlExceptionHelper   : Referential integrity constraint violation: "FK5UM95YA67WHD79U94XJN44V0Y: PUBLIC.STUDENT_DETAILS FOREIGN KEY(SUBJECT_ID) REFERENCES PUBLIC.SUBJECT(SUBJECT_ID) ('SUB_999')"; SQL statement:
INSERT INTO student_details(student_id, subject_id, marks)
VALUES (?, ?, ?) [23506-214]
2026-02-23 03:38:03.457  INFO 42572 --- [    Test worker] o.s.t.c.transaction.TransactionContext   : Rolled back transaction for test: [DefaultTestContext@3cebec79 testClass = StudentDetailsRepositoryTest, testInstance = com.pip.studentdetails.backend.repository.StudentDetailsRepositoryTest@2deb650, testMethod = insertStudentDetails_FailsWhenSubjectDoesNotExist@StudentDetailsRepositoryTest, testException = [null], mergedContextConfiguration = [MergedContextConfiguration@4269ff03 testClass = StudentDetailsRepositoryTest, locations = '{}', classes = '{class com.pip.studentdetails.backend.StudentBackendApplication}', contextInitializerClasses = '[]', activeProfiles = '{test}', propertySourceLocations = '{}', propertySourceProperties = '{org.springframework.boot.test.autoconfigure.orm.jpa.DataJpaTestContextBootstrapper=true}', contextCustomizers = set[org.springframework.boot.test.autoconfigure.OverrideAutoConfigurationContextCustomizerFactory$DisableAutoConfigurationContextCustomizer@1618c98a, org.springframework.boot.test.autoconfigure.actuate.metrics.MetricsExportContextCustomizerFactory$DisableMetricExportContextCustomizer@25110bb9, org.springframework.boot.test.autoconfigure.filter.TypeExcludeFiltersContextCustomizer@351584c0, org.springframework.boot.test.autoconfigure.properties.PropertyMappingContextCustomizer@d222171a, org.springframework.boot.test.autoconfigure.web.servlet.WebDriverContextCustomizerFactory$Customizer@175957b6, [ImportsContextCustomizer@55702f49 key = [org.springframework.boot.autoconfigure.transaction.TransactionAutoConfiguration, org.springframework.boot.autoconfigure.data.jpa.JpaRepositoriesAutoConfiguration, org.springframework.boot.autoconfigure.jdbc.DataSourceAutoConfiguration, org.springframework.boot.test.autoconfigure.orm.jpa.TestEntityManagerAutoConfiguration, org.springframework.boot.autoconfigure.cache.CacheAutoConfiguration, org.springframework.boot.autoconfigure.orm.jpa.HibernateJpaAutoConfiguration, org.springframework.boot.autoconfigure.sql.init.SqlInitializationAutoConfiguration, org.springframework.boot.autoconfigure.jdbc.JdbcTemplateAutoConfiguration, org.springframework.boot.test.autoconfigure.jdbc.TestDatabaseAutoConfiguration, org.springframework.boot.autoconfigure.flyway.FlywayAutoConfiguration, org.springframework.boot.autoconfigure.jdbc.DataSourceTransactionManagerAutoConfiguration, org.springframework.boot.autoconfigure.liquibase.LiquibaseAutoConfiguration]], org.springframework.boot.test.context.filter.ExcludeFilterContextCustomizer@64f6dd19, org.springframework.boot.test.json.DuplicateJsonObjectContextCustomizerFactory$DuplicateJsonObjectContextCustomizer@7c56c911, org.springframework.boot.test.mock.mockito.MockitoContextCustomizer@0, org.springframework.boot.test.context.SpringBootTestArgs@1, org.springframework.boot.test.context.SpringBootTestWebEnvironment@0], contextLoader = 'org.springframework.boot.test.context.SpringBootContextLoader', parent = [null]], attributes = map['org.springframework.test.context.event.ApplicationEventsTestExecutionListener.recordApplicationEvents' -> false]]
]]></system-out>
  <system-err><![CDATA[]]></system-err>
</testsuite>
