<?xml version="1.0" encoding="UTF-8"?>
<testsuite name="com.pip.studentdetails.backend.controller.StudentBackendControllerTest" tests="18" skipped="0" failures="0" errors="0" timestamp="2026-02-17T21:20:52" hostname="BDC6-L-141HVWQ" time="1.078">
  <properties/>
  <testcase name="callToBackend_success()" classname="com.pip.studentdetails.backend.controller.StudentBackendControllerTest" time="0.437"/>
  <testcase name="getDepartmentWisePassPercentageDetailsSuccess()" classname="com.pip.studentdetails.backend.controller.StudentBackendControllerTest" time="0.058"/>
  <testcase name="callToBackend_wrongMethod_returnsMethodNotAllowed()" classname="com.pip.studentdetails.backend.controller.StudentBackendControllerTest" time="0.012"/>
  <testcase name="createStudentDetailsInternalServerErrorFailure()" classname="com.pip.studentdetails.backend.controller.StudentBackendControllerTest" time="0.364"/>
  <testcase name="createStudentValidationFailure()" classname="com.pip.studentdetails.backend.controller.StudentBackendControllerTest" time="0.048"/>
  <testcase name="createStudentInternalServerErrorFailure()" classname="com.pip.studentdetails.backend.controller.StudentBackendControllerTest" time="0.007"/>
  <testcase name="getDepartmentWiseRankingDetailsSuccess()" classname="com.pip.studentdetails.backend.controller.StudentBackendControllerTest" time="0.027"/>
  <testcase name="getDepartmentTopperDetailsException()" classname="com.pip.studentdetails.backend.controller.StudentBackendControllerTest" time="0.006"/>
  <testcase name="createStudentDetailsSuccess()" classname="com.pip.studentdetails.backend.controller.StudentBackendControllerTest" time="0.006"/>
  <testcase name="getDepartmentWisePassPercentageDetailsException()" classname="com.pip.studentdetails.backend.controller.StudentBackendControllerTest" time="0.005"/>
  <testcase name="getDepartmentTopperDetailsSuccess()" classname="com.pip.studentdetails.backend.controller.StudentBackendControllerTest" time="0.008"/>
  <testcase name="createStudentSuccess()" classname="com.pip.studentdetails.backend.controller.StudentBackendControllerTest" time="0.008"/>
  <testcase name="getDepartmentWiseRankingDetailsFailure()" classname="com.pip.studentdetails.backend.controller.StudentBackendControllerTest" time="0.013"/>
  <testcase name="createStudentDetailsDataIntegrityViolationFailure()" classname="com.pip.studentdetails.backend.controller.StudentBackendControllerTest" time="0.008"/>
  <testcase name="createStudentDetailsValidationFailure()" classname="com.pip.studentdetails.backend.controller.StudentBackendControllerTest" time="0.012"/>
  <testcase name="getDepartmentTopperDetailsFailure()" classname="com.pip.studentdetails.backend.controller.StudentBackendControllerTest" time="0.007"/>
  <testcase name="getDepartmentWiseRankingDetailsException()" classname="com.pip.studentdetails.backend.controller.StudentBackendControllerTest" time="0.007"/>
  <testcase name="createStudentDataIntegrityViolationFailure()" classname="com.pip.studentdetails.backend.controller.StudentBackendControllerTest" time="0.006"/>
  <system-out><![CDATA[02:50:44.610 [Test worker] DEBUG org.springframework.test.context.BootstrapUtils - Instantiating CacheAwareContextLoaderDelegate from class [org.springframework.test.context.cache.DefaultCacheAwareContextLoaderDelegate]
02:50:44.631 [Test worker] DEBUG org.springframework.test.context.BootstrapUtils - Instantiating BootstrapContext using constructor [public org.springframework.test.context.support.DefaultBootstrapContext(java.lang.Class,org.springframework.test.context.CacheAwareContextLoaderDelegate)]
02:50:44.671 [Test worker] DEBUG org.springframework.test.context.BootstrapUtils - Instantiating TestContextBootstrapper for test class [com.pip.studentdetails.backend.controller.StudentBackendControllerTest] from class [org.springframework.boot.test.autoconfigure.web.servlet.WebMvcTestContextBootstrapper]
02:50:44.701 [Test worker] INFO org.springframework.boot.test.autoconfigure.web.servlet.WebMvcTestContextBootstrapper - Neither @ContextConfiguration nor @ContextHierarchy found for test class [com.pip.studentdetails.backend.controller.StudentBackendControllerTest], using SpringBootContextLoader
02:50:44.705 [Test worker] DEBUG org.springframework.test.context.support.AbstractContextLoader - Did not detect default resource location for test class [com.pip.studentdetails.backend.controller.StudentBackendControllerTest]: class path resource [com/pip/studentdetails/backend/controller/StudentBackendControllerTest-context.xml] does not exist
02:50:44.707 [Test worker] DEBUG org.springframework.test.context.support.AbstractContextLoader - Did not detect default resource location for test class [com.pip.studentdetails.backend.controller.StudentBackendControllerTest]: class path resource [com/pip/studentdetails/backend/controller/StudentBackendControllerTestContext.groovy] does not exist
02:50:44.707 [Test worker] INFO org.springframework.test.context.support.AbstractContextLoader - Could not detect default resource locations for test class [com.pip.studentdetails.backend.controller.StudentBackendControllerTest]: no resource found for suffixes {-context.xml, Context.groovy}.
02:50:44.713 [Test worker] INFO org.springframework.test.context.support.AnnotationConfigContextLoaderUtils - Could not detect default configuration classes for test class [com.pip.studentdetails.backend.controller.StudentBackendControllerTest]: StudentBackendControllerTest does not declare any static, non-private, non-final, nested classes annotated with @Configuration.
02:50:44.896 [Test worker] DEBUG org.springframework.test.context.support.ActiveProfilesUtils - Could not find an 'annotation declaring class' for annotation type [org.springframework.test.context.ActiveProfiles] and class [com.pip.studentdetails.backend.controller.StudentBackendControllerTest]
02:50:45.003 [Test worker] DEBUG org.springframework.context.annotation.ClassPathScanningCandidateComponentProvider - Identified candidate component class: file [C:\Users\harini.lebaku\Downloads\Harini\Harini\Project internal\student-details-backend\build\classes\java\main\com\pip\studentdetails\backend\StudentBackendApplication.class]
02:50:45.009 [Test worker] INFO org.springframework.boot.test.context.SpringBootTestContextBootstrapper - Found @SpringBootConfiguration com.pip.studentdetails.backend.StudentBackendApplication for test class com.pip.studentdetails.backend.controller.StudentBackendControllerTest
02:50:45.017 [Test worker] DEBUG org.springframework.boot.test.autoconfigure.web.servlet.WebMvcTestContextBootstrapper - @TestExecutionListeners is not present for class [com.pip.studentdetails.backend.controller.StudentBackendControllerTest]: using defaults.
02:50:45.019 [Test worker] INFO org.springframework.boot.test.autoconfigure.web.servlet.WebMvcTestContextBootstrapper - Loaded default TestExecutionListener class names from location [META-INF/spring.factories]: [org.springframework.boot.test.autoconfigure.restdocs.RestDocsTestExecutionListener, org.springframework.boot.test.autoconfigure.web.client.MockRestServiceServerResetTestExecutionListener, org.springframework.boot.test.autoconfigure.web.servlet.MockMvcPrintOnlyOnFailureTestExecutionListener, org.springframework.boot.test.autoconfigure.web.servlet.WebDriverTestExecutionListener, org.springframework.boot.test.autoconfigure.webservices.client.MockWebServiceServerTestExecutionListener, org.springframework.boot.test.mock.mockito.MockitoTestExecutionListener, org.springframework.boot.test.mock.mockito.ResetMocksTestExecutionListener, org.springframework.test.context.web.ServletTestExecutionListener, org.springframework.test.context.support.DirtiesContextBeforeModesTestExecutionListener, org.springframework.test.context.event.ApplicationEventsTestExecutionListener, org.springframework.test.context.support.DependencyInjectionTestExecutionListener, org.springframework.test.context.support.DirtiesContextTestExecutionListener, org.springframework.test.context.transaction.TransactionalTestExecutionListener, org.springframework.test.context.jdbc.SqlScriptsTestExecutionListener, org.springframework.test.context.event.EventPublishingTestExecutionListener]
02:50:45.094 [Test worker] INFO org.springframework.boot.test.autoconfigure.web.servlet.WebMvcTestContextBootstrapper - Using TestExecutionListeners: [org.springframework.test.context.web.ServletTestExecutionListener@18f13756, org.springframework.test.context.support.DirtiesContextBeforeModesTestExecutionListener@665b441e, org.springframework.test.context.event.ApplicationEventsTestExecutionListener@2ac3d530, org.springframework.boot.test.mock.mockito.MockitoTestExecutionListener@3a5e4f32, org.springframework.boot.test.autoconfigure.SpringBootDependencyInjectionTestExecutionListener@2b0494a8, org.springframework.test.context.support.DirtiesContextTestExecutionListener@17c34e62, org.springframework.test.context.transaction.TransactionalTestExecutionListener@239d73ff, org.springframework.test.context.jdbc.SqlScriptsTestExecutionListener@6bf28f61, org.springframework.test.context.event.EventPublishingTestExecutionListener@64dcf763, org.springframework.boot.test.autoconfigure.restdocs.RestDocsTestExecutionListener@696105c4, org.springframework.boot.test.autoconfigure.web.client.MockRestServiceServerResetTestExecutionListener@21ab919c, org.springframework.boot.test.autoconfigure.web.servlet.MockMvcPrintOnlyOnFailureTestExecutionListener@5edd9b4f, org.springframework.boot.test.autoconfigure.web.servlet.WebDriverTestExecutionListener@5db90818, org.springframework.boot.test.autoconfigure.webservices.client.MockWebServiceServerTestExecutionListener@3c17794e, org.springframework.boot.test.mock.mockito.ResetMocksTestExecutionListener@414d2821]
02:50:45.109 [Test worker] DEBUG org.springframework.test.context.support.AbstractDirtiesContextTestExecutionListener - Before test class: context [DefaultTestContext@362b384c testClass = StudentBackendControllerTest, testInstance = [null], testMethod = [null], testException = [null], mergedContextConfiguration = [WebMergedContextConfiguration@433b546f testClass = StudentBackendControllerTest, locations = '{}', classes = '{class com.pip.studentdetails.backend.StudentBackendApplication}', contextInitializerClasses = '[]', activeProfiles = '{}', propertySourceLocations = '{}', propertySourceProperties = '{org.springframework.boot.test.autoconfigure.web.servlet.WebMvcTestContextBootstrapper=true}', contextCustomizers = set[org.springframework.boot.test.autoconfigure.OverrideAutoConfigurationContextCustomizerFactory$DisableAutoConfigurationContextCustomizer@df432ec, org.springframework.boot.test.autoconfigure.actuate.metrics.MetricsExportContextCustomizerFactory$DisableMetricExportContextCustomizer@42403dc6, org.springframework.boot.test.autoconfigure.filter.TypeExcludeFiltersContextCustomizer@7bc40289, org.springframework.boot.test.autoconfigure.properties.PropertyMappingContextCustomizer@3ecce1d8, org.springframework.boot.test.autoconfigure.web.servlet.WebDriverContextCustomizerFactory$Customizer@622ba721, [ImportsContextCustomizer@9de1b85 key = [org.springframework.boot.autoconfigure.task.TaskExecutionAutoConfiguration, org.springframework.boot.autoconfigure.cache.CacheAutoConfiguration, org.springframework.boot.autoconfigure.web.servlet.HttpEncodingAutoConfiguration, org.springframework.boot.autoconfigure.validation.ValidationAutoConfiguration, org.springframework.boot.autoconfigure.context.MessageSourceAutoConfiguration, org.springframework.boot.autoconfigure.hateoas.HypermediaAutoConfiguration, org.springframework.boot.autoconfigure.data.web.SpringDataWebAutoConfiguration, org.springframework.boot.autoconfigure.jackson.JacksonAutoConfiguration, org.springframework.boot.test.autoconfigure.web.reactive.WebTestClientAutoConfiguration, org.springframework.boot.autoconfigure.web.servlet.error.ErrorMvcAutoConfiguration, org.springframework.boot.test.autoconfigure.web.servlet.MockMvcAutoConfiguration, org.springframework.boot.autoconfigure.security.servlet.SecurityAutoConfiguration, org.springframework.boot.autoconfigure.security.servlet.SecurityFilterAutoConfiguration, org.springframework.boot.autoconfigure.http.HttpMessageConvertersAutoConfiguration, org.springframework.boot.autoconfigure.security.oauth2.client.servlet.OAuth2ClientAutoConfiguration, org.springframework.boot.test.autoconfigure.web.servlet.MockMvcSecurityConfiguration, org.springframework.boot.test.autoconfigure.web.servlet.MockMvcWebClientAutoConfiguration, org.springframework.boot.test.autoconfigure.web.servlet.MockMvcWebDriverAutoConfiguration, org.springframework.boot.autoconfigure.thymeleaf.ThymeleafAutoConfiguration, org.springframework.boot.autoconfigure.gson.GsonAutoConfiguration, org.springframework.boot.autoconfigure.jsonb.JsonbAutoConfiguration, org.springframework.boot.autoconfigure.freemarker.FreeMarkerAutoConfiguration, org.springframework.boot.autoconfigure.web.servlet.WebMvcAutoConfiguration, org.springframework.boot.autoconfigure.security.servlet.UserDetailsServiceAutoConfiguration, org.springframework.boot.autoconfigure.security.oauth2.resource.servlet.OAuth2ResourceServerAutoConfiguration, org.springframework.boot.autoconfigure.groovy.template.GroovyTemplateAutoConfiguration, org.springframework.boot.autoconfigure.mustache.MustacheAutoConfiguration]], org.springframework.boot.test.context.filter.ExcludeFilterContextCustomizer@2d2133fd, org.springframework.boot.test.json.DuplicateJsonObjectContextCustomizerFactory$DuplicateJsonObjectContextCustomizer@3883031d, org.springframework.boot.test.mock.mockito.MockitoContextCustomizer@19a79567, org.springframework.boot.test.context.SpringBootTestArgs@1, org.springframework.boot.test.context.SpringBootTestWebEnvironment@0], resourceBasePath = 'src/main/webapp', contextLoader = 'org.springframework.boot.test.context.SpringBootContextLoader', parent = [null]], attributes = map[[empty]]], class annotated with @DirtiesContext [false] with mode [null].

  .   ____          _            __ _ _
 /\\ / ___'_ __ _ _(_)_ __  __ _ \ \ \ \
( ( )\___ | '_ | '_| | '_ \/ _` | \ \ \ \
 \\/  ___)| |_)| | | | | || (_| |  ) ) ) )
  '  |____| .__|_| |_|_| |_\__, | / / / /
 =========|_|==============|___/=/_/_/_/
 :: Spring Boot ::               (v2.7.18)

2026-02-18 02:50:46.494  INFO 29848 --- [    Test worker] c.p.s.b.c.StudentBackendControllerTest   : Starting StudentBackendControllerTest using Java 17.0.12 on bdc6-l-141hvwq with PID 29848 (started by harini.lebaku in C:\Users\harini.lebaku\Downloads\Harini\Harini\Project internal\student-details-backend)
2026-02-18 02:50:46.498  INFO 29848 --- [    Test worker] c.p.s.b.c.StudentBackendControllerTest   : No active profile set, falling back to 1 default profile: "default"
2026-02-18 02:50:52.429  INFO 29848 --- [    Test worker] o.s.b.t.m.w.SpringBootMockServletContext : Initializing Spring TestDispatcherServlet ''
2026-02-18 02:50:52.429  INFO 29848 --- [    Test worker] o.s.t.web.servlet.TestDispatcherServlet  : Initializing Servlet ''
2026-02-18 02:50:52.432  INFO 29848 --- [    Test worker] o.s.t.web.servlet.TestDispatcherServlet  : Completed initialization in 3 ms
2026-02-18 02:50:52.525  INFO 29848 --- [    Test worker] c.p.s.b.c.StudentBackendControllerTest   : Started StudentBackendControllerTest in 7.251 seconds (JVM running for 15.757)
2026-02-18 02:50:53.057  WARN 29848 --- [    Test worker] .w.s.m.s.DefaultHandlerExceptionResolver : Resolved [org.springframework.web.HttpRequestMethodNotSupportedException: Request method 'GET' not supported]
]]></system-out>
  <system-err><![CDATA[]]></system-err>
</testsuite>
