<?xml version="1.0" encoding="UTF-8"?>
<testsuite name="com.pip.studentdetails.backend.exception.ApiErrorResponseTest" tests="4" skipped="0" failures="0" errors="0" timestamp="2026-02-23T05:41:11" hostname="BDC6-L-141HVWQ" time="0.013">
  <properties/>
  <testcase name="emptyStrings_ShouldBeReturnedAsIs()" classname="com.pip.studentdetails.backend.exception.ApiErrorResponseTest" time="0.008"/>
  <testcase name="nullValues_ShouldBeAccepted()" classname="com.pip.studentdetails.backend.exception.ApiErrorResponseTest" time="0.0"/>
  <testcase name="constructorAndGetters_ShouldWork()" classname="com.pip.studentdetails.backend.exception.ApiErrorResponseTest" time="0.0"/>
  <testcase name="equalityContract_IsDefaultObjectEquality()" classname="com.pip.studentdetails.backend.exception.ApiErrorResponseTest" time="0.002"/>
  <system-out><![CDATA[]]></system-out>
  <system-err><![CDATA[]]></system-err>
</testsuite>
