<?xml version="1.0" encoding="UTF-8"?>
<testsuite name="com.pip.studentdetails.backend.response.StudentRankingTest" tests="6" skipped="0" failures="0" errors="0" timestamp="2026-02-23T05:41:13" hostname="BDC6-L-141HVWQ" time="0.019">
  <properties/>
  <testcase name="toStringShouldContainFieldNamesAndValues()" classname="com.pip.studentdetails.backend.response.StudentRankingTest" time="0.012"/>
  <testcase name="negativeMarksAreAllowedUnlessYouValidateElsewhere()" classname="com.pip.studentdetails.backend.response.StudentRankingTest" time="0.001"/>
  <testcase name="equalsAndHashCodeShouldWorkForSameValues()" classname="com.pip.studentdetails.backend.response.StudentRankingTest" time="0.002"/>
  <testcase name="equalsShouldDifferForDifferentValues()" classname="com.pip.studentdetails.backend.response.StudentRankingTest" time="0.001"/>
  <testcase name="nullStringsAreAllowedUnlessValidatedElsewhere()" classname="com.pip.studentdetails.backend.response.StudentRankingTest" time="0.001"/>
  <testcase name="shouldCreateRecordAndExposeValues()" classname="com.pip.studentdetails.backend.response.StudentRankingTest" time="0.001"/>
  <system-out><![CDATA[]]></system-out>
  <system-err><![CDATA[]]></system-err>
</testsuite>
