<?xml version="1.0" encoding="UTF-8"?>
<testsuite name="com.pip.studentdetails.backend.entity.StudentTest" tests="2" skipped="0" failures="0" errors="0" timestamp="2026-02-22T20:23:34" hostname="BDC6-L-141HVWQ" time="0.002">
  <properties/>
  <testcase name="studentDefaultConstructor_success()" classname="com.pip.studentdetails.backend.entity.StudentTest" time="0.0"/>
  <testcase name="StudentNullDetails_Failure()" classname="com.pip.studentdetails.backend.entity.StudentTest" time="0.001"/>
  <system-out><![CDATA[]]></system-out>
  <system-err><![CDATA[]]></system-err>
</testsuite>
