<?xml version="1.0" encoding="UTF-8"?>
<testsuite name="com.pip.studentdetails.backend.response.StudentRankingTest" tests="6" skipped="0" failures="0" errors="0" timestamp="2026-02-22T19:30:39" hostname="BDC6-L-141HVWQ" time="0.032">
  <properties/>
  <testcase name="toStringShouldContainFieldNamesAndValues()" classname="com.pip.studentdetails.backend.response.StudentRankingTest" time="0.014"/>
  <testcase name="negativeMarksAreAllowedUnlessYouValidateElsewhere()" classname="com.pip.studentdetails.backend.response.StudentRankingTest" time="0.001"/>
  <testcase name="equalsAndHashCodeShouldWorkForSameValues()" classname="com.pip.studentdetails.backend.response.StudentRankingTest" time="0.004"/>
  <testcase name="equalsShouldDifferForDifferentValues()" classname="com.pip.studentdetails.backend.response.StudentRankingTest" time="0.001"/>
  <testcase name="nullStringsAreAllowedUnlessValidatedElsewhere()" classname="com.pip.studentdetails.backend.response.StudentRankingTest" time="0.001"/>
  <testcase name="shouldCreateRecordAndExposeValues()" classname="com.pip.studentdetails.backend.response.StudentRankingTest" time="0.001"/>
  <system-out><![CDATA[]]></system-out>
  <system-err><![CDATA[]]></system-err>
</testsuite>
