<?xml version="1.0" encoding="UTF-8"?>
<testsuite name="com.pip.studentdetails.backend.service.StudentBackendServiceImplTest" tests="10" skipped="0" failures="0" errors="0" timestamp="2026-02-22T22:30:04" hostname="BDC6-L-141HVWQ" time="0.697">
  <properties/>
  <testcase name="getDepartmentWiseRankingDetails_success()" classname="com.pip.studentdetails.backend.service.StudentBackendServiceImplTest" time="0.624"/>
  <testcase name="createStudent_shouldThrowStudentAlreadyExistsException_whenStudentIdExists()" classname="com.pip.studentdetails.backend.service.StudentBackendServiceImplTest" time="0.012"/>
  <testcase name="createStudent_Success()" classname="com.pip.studentdetails.backend.service.StudentBackendServiceImplTest" time="0.006"/>
  <testcase name="createStudentDetails_Success()" classname="com.pip.studentdetails.backend.service.StudentBackendServiceImplTest" time="0.005"/>
  <testcase name="getDepartmentTopperDetails_exception()" classname="com.pip.studentdetails.backend.service.StudentBackendServiceImplTest" time="0.005"/>
  <testcase name="getDepartmentWisePassPercentageDetails_exception()" classname="com.pip.studentdetails.backend.service.StudentBackendServiceImplTest" time="0.004"/>
  <testcase name="getDepartmentWisePassPercentageDetails_success()" classname="com.pip.studentdetails.backend.service.StudentBackendServiceImplTest" time="0.017"/>
  <testcase name="getDepartmentWiseRankingDetails_exception()" classname="com.pip.studentdetails.backend.service.StudentBackendServiceImplTest" time="0.005"/>
  <testcase name="createStudent_NullPointerException()" classname="com.pip.studentdetails.backend.service.StudentBackendServiceImplTest" time="0.004"/>
  <testcase name="createStudentDetails_NullPointerException()" classname="com.pip.studentdetails.backend.service.StudentBackendServiceImplTest" time="0.004"/>
  <system-out><![CDATA[]]></system-out>
  <system-err><![CDATA[]]></system-err>
</testsuite>
