<?xml version="1.0" encoding="UTF-8"?>
<testsuite name="com.pip.studentdetails.backend.controller.StudentBackendControllerTest" tests="20" skipped="0" failures="0" errors="0" timestamp="2026-02-22T22:29:51" hostname="BDC6-L-141HVWQ" time="2.399">
  <properties/>
  <testcase name="callToBackend_success()" classname="com.pip.studentdetails.backend.controller.StudentBackendControllerTest" time="0.745"/>
  <testcase name="getDepartmentWisePassPercentageDetailsSuccess()" classname="com.pip.studentdetails.backend.controller.StudentBackendControllerTest" time="0.104"/>
  <testcase name="callToBackend_wrongMethod_returnsMethodNotAllowed()" classname="com.pip.studentdetails.backend.controller.StudentBackendControllerTest" time="0.028"/>
  <testcase name="createStudentDetailsInternalServerErrorFailure()" classname="com.pip.studentdetails.backend.controller.StudentBackendControllerTest" time="0.784"/>
  <testcase name="createStudentValidationFailure()" classname="com.pip.studentdetails.backend.controller.StudentBackendControllerTest" time="0.107"/>
  <testcase name="createStudentInternalServerErrorFailure()" classname="com.pip.studentdetails.backend.controller.StudentBackendControllerTest" time="0.026"/>
  <testcase name="getDepartmentWiseRankingDetailsSuccess()" classname="com.pip.studentdetails.backend.controller.StudentBackendControllerTest" time="0.059"/>
  <testcase name="getDepartmentTopperDetailsException()" classname="com.pip.studentdetails.backend.controller.StudentBackendControllerTest" time="0.018"/>
  <testcase name="createStudentDetailsSuccess()" classname="com.pip.studentdetails.backend.controller.StudentBackendControllerTest" time="0.014"/>
  <testcase name="getDepartmentWisePassPercentageDetailsException()" classname="com.pip.studentdetails.backend.controller.StudentBackendControllerTest" time="0.011"/>
  <testcase name="getDepartmentTopperDetailsSuccess()" classname="com.pip.studentdetails.backend.controller.StudentBackendControllerTest" time="0.016"/>
  <testcase name="createStudentSuccess()" classname="com.pip.studentdetails.backend.controller.StudentBackendControllerTest" time="0.016"/>
  <testcase name="createStudentSuccess_returns201AndBody()" classname="com.pip.studentdetails.backend.controller.StudentBackendControllerTest" time="0.283"/>
  <testcase name="getDepartmentWiseRankingDetailsFailure()" classname="com.pip.studentdetails.backend.controller.StudentBackendControllerTest" time="0.026"/>
  <testcase name="createStudentDetailsDataIntegrityViolationFailure()" classname="com.pip.studentdetails.backend.controller.StudentBackendControllerTest" time="0.014"/>
  <testcase name="createStudentDetailsValidationFailure()" classname="com.pip.studentdetails.backend.controller.StudentBackendControllerTest" time="0.014"/>
  <testcase name="getDepartmentTopperDetailsFailure()" classname="com.pip.studentdetails.backend.controller.StudentBackendControllerTest" time="0.01"/>
  <testcase name="createStudent_getMethodNotAllowed_405()" classname="com.pip.studentdetails.backend.controller.StudentBackendControllerTest" time="0.009"/>
  <testcase name="getDepartmentWiseRankingDetailsException()" classname="com.pip.studentdetails.backend.controller.StudentBackendControllerTest" time="0.016"/>
  <testcase name="createStudentDataIntegrityViolationFailure()" classname="com.pip.studentdetails.backend.controller.StudentBackendControllerTest" time="0.014"/>
  <system-out><![CDATA[03:59:38.649 [Test worker] DEBUG org.springframework.test.context.BootstrapUtils - Instantiating CacheAwareContextLoaderDelegate from class [org.springframework.test.context.cache.DefaultCacheAwareContextLoaderDelegate]
03:59:38.659 [Test worker] DEBUG org.springframework.test.context.BootstrapUtils - Instantiating BootstrapContext using constructor [public org.springframework.test.context.support.DefaultBootstrapContext(java.lang.Class,org.springframework.test.context.CacheAwareContextLoaderDelegate)]
03:59:38.692 [Test worker] DEBUG org.springframework.test.context.BootstrapUtils - Instantiating TestContextBootstrapper for test class [com.pip.studentdetails.backend.controller.StudentBackendControllerTest] from class [org.springframework.boot.test.autoconfigure.web.servlet.WebMvcTestContextBootstrapper]
03:59:38.739 [Test worker] INFO org.springframework.boot.test.autoconfigure.web.servlet.WebMvcTestContextBootstrapper - Neither @ContextConfiguration nor @ContextHierarchy found for test class [com.pip.studentdetails.backend.controller.StudentBackendControllerTest], using SpringBootContextLoader
03:59:38.748 [Test worker] DEBUG org.springframework.test.context.support.AbstractContextLoader - Did not detect default resource location for test class [com.pip.studentdetails.backend.controller.StudentBackendControllerTest]: class path resource [com/pip/studentdetails/backend/controller/StudentBackendControllerTest-context.xml] does not exist
03:59:38.749 [Test worker] DEBUG org.springframework.test.context.support.AbstractContextLoader - Did not detect default resource location for test class [com.pip.studentdetails.backend.controller.StudentBackendControllerTest]: class path resource [com/pip/studentdetails/backend/controller/StudentBackendControllerTestContext.groovy] does not exist
03:59:38.749 [Test worker] INFO org.springframework.test.context.support.AbstractContextLoader - Could not detect default resource locations for test class [com.pip.studentdetails.backend.controller.StudentBackendControllerTest]: no resource found for suffixes {-context.xml, Context.groovy}.
03:59:38.754 [Test worker] INFO org.springframework.test.context.support.AnnotationConfigContextLoaderUtils - Could not detect default configuration classes for test class [com.pip.studentdetails.backend.controller.StudentBackendControllerTest]: StudentBackendControllerTest does not declare any static, non-private, non-final, nested classes annotated with @Configuration.
03:59:38.997 [Test worker] DEBUG org.springframework.test.context.support.ActiveProfilesUtils - Could not find an 'annotation declaring class' for annotation type [org.springframework.test.context.ActiveProfiles] and class [com.pip.studentdetails.backend.controller.StudentBackendControllerTest]
03:59:39.129 [Test worker] DEBUG org.springframework.context.annotation.ClassPathScanningCandidateComponentProvider - Identified candidate component class: file [C:\Users\harini.lebaku\Downloads\Harini\Harini\Project internal\student-details-backend\build\classes\java\main\com\pip\studentdetails\backend\StudentBackendApplication.class]
03:59:39.135 [Test worker] INFO org.springframework.boot.test.context.SpringBootTestContextBootstrapper - Found @SpringBootConfiguration com.pip.studentdetails.backend.StudentBackendApplication for test class com.pip.studentdetails.backend.controller.StudentBackendControllerTest
03:59:39.146 [Test worker] DEBUG org.springframework.boot.test.autoconfigure.web.servlet.WebMvcTestContextBootstrapper - @TestExecutionListeners is not present for class [com.pip.studentdetails.backend.controller.StudentBackendControllerTest]: using defaults.
03:59:39.148 [Test worker] INFO org.springframework.boot.test.autoconfigure.web.servlet.WebMvcTestContextBootstrapper - Loaded default TestExecutionListener class names from location [META-INF/spring.factories]: [org.springframework.boot.test.autoconfigure.restdocs.RestDocsTestExecutionListener, org.springframework.boot.test.autoconfigure.web.client.MockRestServiceServerResetTestExecutionListener, org.springframework.boot.test.autoconfigure.web.servlet.MockMvcPrintOnlyOnFailureTestExecutionListener, org.springframework.boot.test.autoconfigure.web.servlet.WebDriverTestExecutionListener, org.springframework.boot.test.autoconfigure.webservices.client.MockWebServiceServerTestExecutionListener, org.springframework.boot.test.mock.mockito.MockitoTestExecutionListener, org.springframework.boot.test.mock.mockito.ResetMocksTestExecutionListener, org.springframework.test.context.web.ServletTestExecutionListener, org.springframework.test.context.support.DirtiesContextBeforeModesTestExecutionListener, org.springframework.test.context.event.ApplicationEventsTestExecutionListener, org.springframework.test.context.support.DependencyInjectionTestExecutionListener, org.springframework.test.context.support.DirtiesContextTestExecutionListener, org.springframework.test.context.transaction.TransactionalTestExecutionListener, org.springframework.test.context.jdbc.SqlScriptsTestExecutionListener, org.springframework.test.context.event.EventPublishingTestExecutionListener]
03:59:39.219 [Test worker] INFO org.springframework.boot.test.autoconfigure.web.servlet.WebMvcTestContextBootstrapper - Using TestExecutionListeners: [org.springframework.test.context.web.ServletTestExecutionListener@282c5075, org.springframework.test.context.support.DirtiesContextBeforeModesTestExecutionListener@2ed35f24, org.springframework.test.context.event.ApplicationEventsTestExecutionListener@362b384c, org.springframework.boot.test.mock.mockito.MockitoTestExecutionListener@433b546f, org.springframework.boot.test.autoconfigure.SpringBootDependencyInjectionTestExecutionListener@9de1b85, org.springframework.test.context.support.DirtiesContextTestExecutionListener@3d405fe5, org.springframework.test.context.transaction.TransactionalTestExecutionListener@52c6e959, org.springframework.test.context.jdbc.SqlScriptsTestExecutionListener@4b475742, org.springframework.test.context.event.EventPublishingTestExecutionListener@323c6f9c, org.springframework.boot.test.autoconfigure.restdocs.RestDocsTestExecutionListener@dbca149, org.springframework.boot.test.autoconfigure.web.client.MockRestServiceServerResetTestExecutionListener@68550d86, org.springframework.boot.test.autoconfigure.web.servlet.MockMvcPrintOnlyOnFailureTestExecutionListener@19d9ba89, org.springframework.boot.test.autoconfigure.web.servlet.WebDriverTestExecutionListener@484876a1, org.springframework.boot.test.autoconfigure.webservices.client.MockWebServiceServerTestExecutionListener@20163008, org.springframework.boot.test.mock.mockito.ResetMocksTestExecutionListener@60ef30b1]
03:59:39.231 [Test worker] DEBUG org.springframework.test.context.support.AbstractDirtiesContextTestExecutionListener - Before test class: context [DefaultTestContext@2dacda9a testClass = StudentBackendControllerTest, testInstance = [null], testMethod = [null], testException = [null], mergedContextConfiguration = [WebMergedContextConfiguration@699bb304 testClass = StudentBackendControllerTest, locations = '{}', classes = '{class com.pip.studentdetails.backend.StudentBackendApplication}', contextInitializerClasses = '[]', activeProfiles = '{}', propertySourceLocations = '{}', propertySourceProperties = '{org.springframework.boot.test.autoconfigure.web.servlet.WebMvcTestContextBootstrapper=true}', contextCustomizers = set[org.springframework.boot.test.autoconfigure.OverrideAutoConfigurationContextCustomizerFactory$DisableAutoConfigurationContextCustomizer@3bc6c10f, org.springframework.boot.test.autoconfigure.actuate.metrics.MetricsExportContextCustomizerFactory$DisableMetricExportContextCustomizer@7e1fb22c, org.springframework.boot.test.autoconfigure.filter.TypeExcludeFiltersContextCustomizer@43eeaab3, org.springframework.boot.test.autoconfigure.properties.PropertyMappingContextCustomizer@34bb2dd, org.springframework.boot.test.autoconfigure.web.servlet.WebDriverContextCustomizerFactory$Customizer@7f3e9acc, [ImportsContextCustomizer@17477bbb key = [org.springframework.boot.autoconfigure.task.TaskExecutionAutoConfiguration, org.springframework.boot.autoconfigure.cache.CacheAutoConfiguration, org.springframework.boot.autoconfigure.web.servlet.HttpEncodingAutoConfiguration, org.springframework.boot.autoconfigure.validation.ValidationAutoConfiguration, org.springframework.boot.autoconfigure.context.MessageSourceAutoConfiguration, org.springframework.boot.autoconfigure.hateoas.HypermediaAutoConfiguration, org.springframework.boot.autoconfigure.data.web.SpringDataWebAutoConfiguration, org.springframework.boot.autoconfigure.jackson.JacksonAutoConfiguration, org.springframework.boot.test.autoconfigure.web.reactive.WebTestClientAutoConfiguration, org.springframework.boot.autoconfigure.web.servlet.error.ErrorMvcAutoConfiguration, org.springframework.boot.test.autoconfigure.web.servlet.MockMvcAutoConfiguration, org.springframework.boot.autoconfigure.security.servlet.SecurityAutoConfiguration, org.springframework.boot.autoconfigure.security.servlet.SecurityFilterAutoConfiguration, org.springframework.boot.autoconfigure.http.HttpMessageConvertersAutoConfiguration, org.springframework.boot.autoconfigure.security.oauth2.client.servlet.OAuth2ClientAutoConfiguration, org.springframework.boot.test.autoconfigure.web.servlet.MockMvcSecurityConfiguration, org.springframework.boot.test.autoconfigure.web.servlet.MockMvcWebClientAutoConfiguration, org.springframework.boot.test.autoconfigure.web.servlet.MockMvcWebDriverAutoConfiguration, org.springframework.boot.autoconfigure.thymeleaf.ThymeleafAutoConfiguration, org.springframework.boot.autoconfigure.gson.GsonAutoConfiguration, org.springframework.boot.autoconfigure.jsonb.JsonbAutoConfiguration, org.springframework.boot.autoconfigure.freemarker.FreeMarkerAutoConfiguration, org.springframework.boot.autoconfigure.web.servlet.WebMvcAutoConfiguration, org.springframework.boot.autoconfigure.security.servlet.UserDetailsServiceAutoConfiguration, org.springframework.boot.autoconfigure.security.oauth2.resource.servlet.OAuth2ResourceServerAutoConfiguration, org.springframework.boot.autoconfigure.groovy.template.GroovyTemplateAutoConfiguration, org.springframework.boot.autoconfigure.mustache.MustacheAutoConfiguration]], org.springframework.boot.test.context.filter.ExcludeFilterContextCustomizer@1136122a, org.springframework.boot.test.json.DuplicateJsonObjectContextCustomizerFactory$DuplicateJsonObjectContextCustomizer@6f22c1f1, org.springframework.boot.test.mock.mockito.MockitoContextCustomizer@ff848da1, org.springframework.boot.test.context.SpringBootTestArgs@1, org.springframework.boot.test.context.SpringBootTestWebEnvironment@0], resourceBasePath = 'src/main/webapp', contextLoader = 'org.springframework.boot.test.context.SpringBootContextLoader', parent = [null]], attributes = map[[empty]]], class annotated with @DirtiesContext [false] with mode [null].

  .   ____          _            __ _ _
 /\\ / ___'_ __ _ _(_)_ __  __ _ \ \ \ \
( ( )\___ | '_ | '_| | '_ \/ _` | \ \ \ \
 \\/  ___)| |_)| | | | | || (_| |  ) ) ) )
  '  |____| .__|_| |_|_| |_\__, | / / / /
 =========|_|==============|___/=/_/_/_/
 :: Spring Boot ::               (v2.7.18)

2026-02-23 03:59:40.823  INFO 27408 --- [    Test worker] c.p.s.b.c.StudentBackendControllerTest   : Starting StudentBackendControllerTest using Java 17.0.12 on bdc6-l-141hvwq with PID 27408 (started by harini.lebaku in C:\Users\harini.lebaku\Downloads\Harini\Harini\Project internal\student-details-backend)
2026-02-23 03:59:40.823  INFO 27408 --- [    Test worker] c.p.s.b.c.StudentBackendControllerTest   : No active profile set, falling back to 1 default profile: "default"
2026-02-23 03:59:51.042  INFO 27408 --- [    Test worker] o.s.b.t.m.w.SpringBootMockServletContext : Initializing Spring TestDispatcherServlet ''
2026-02-23 03:59:51.042  INFO 27408 --- [    Test worker] o.s.t.web.servlet.TestDispatcherServlet  : Initializing Servlet ''
2026-02-23 03:59:51.048  INFO 27408 --- [    Test worker] o.s.t.web.servlet.TestDispatcherServlet  : Completed initialization in 6 ms
2026-02-23 03:59:51.165  INFO 27408 --- [    Test worker] c.p.s.b.c.StudentBackendControllerTest   : Started StudentBackendControllerTest in 11.703 seconds (JVM running for 20.344)
2026-02-23 03:59:52.079  WARN 27408 --- [    Test worker] .w.s.m.s.DefaultHandlerExceptionResolver : Resolved [org.springframework.web.HttpRequestMethodNotSupportedException: Request method 'GET' not supported]
2026-02-23 03:59:53.558  WARN 27408 --- [    Test worker] .w.s.m.s.DefaultHandlerExceptionResolver : Resolved [org.springframework.web.HttpRequestMethodNotSupportedException: Request method 'GET' not supported]
]]></system-out>
  <system-err><![CDATA[]]></system-err>
</testsuite>
