<?xml version="1.0" encoding="UTF-8"?>
<testsuite name="com.pip.studentdetails.backend.response.PassPercentageReportTest" tests="7" skipped="0" failures="0" errors="0" timestamp="2026-02-22T21:23:27" hostname="BDC6-L-141HVWQ" time="0.026">
  <properties/>
  <testcase name="toStringShouldContainFieldNamesAndValues()" classname="com.pip.studentdetails.backend.response.PassPercentageReportTest" time="0.006"/>
  <testcase name="equalsAndHashCodeShouldWorkForSameValues()" classname="com.pip.studentdetails.backend.response.PassPercentageReportTest" time="0.006"/>
  <testcase name="floatingPointPrecisionComparison()" classname="com.pip.studentdetails.backend.response.PassPercentageReportTest" time="0.0"/>
  <testcase name="equalsShouldDifferForDifferentValues()" classname="com.pip.studentdetails.backend.response.PassPercentageReportTest" time="0.002"/>
  <testcase name="nullStringsAreAllowedUnlessValidatedElsewhere()" classname="com.pip.studentdetails.backend.response.PassPercentageReportTest" time="0.001"/>
  <testcase name="percentageSupportsNaNAndInfinityUnlessYouForbidIt()" classname="com.pip.studentdetails.backend.response.PassPercentageReportTest" time="0.001"/>
  <testcase name="shouldCreateRecordAndExposeValues()" classname="com.pip.studentdetails.backend.response.PassPercentageReportTest" time="0.001"/>
  <system-out><![CDATA[]]></system-out>
  <system-err><![CDATA[]]></system-err>
</testsuite>
