<?xml version="1.0" encoding="UTF-8"?>
<testsuite name="com.pip.studentdetails.backend.response.StudentRankingRecordTest" tests="6" skipped="0" failures="0" errors="0" timestamp="2026-02-17T21:10:41" hostname="BDC6-L-141HVWQ" time="0.059">
  <properties/>
  <testcase name="toStringShouldContainFieldNamesAndValues()" classname="com.pip.studentdetails.backend.response.StudentRankingRecordTest" time="0.045"/>
  <testcase name="equalsAndHashCodeShouldWorkForSameValues()" classname="com.pip.studentdetails.backend.response.StudentRankingRecordTest" time="0.002"/>
  <testcase name="equalsShouldDifferForDifferentValues()" classname="com.pip.studentdetails.backend.response.StudentRankingRecordTest" time="0.001"/>
  <testcase name="nullStringsAndPercentageAreAllowedUnlessYouValidateElsewhere()" classname="com.pip.studentdetails.backend.response.StudentRankingRecordTest" time="0.006"/>
  <testcase name="percentageMayBeNaNOrInfinityUnlessValidatedElsewhere()" classname="com.pip.studentdetails.backend.response.StudentRankingRecordTest" time="0.0"/>
  <testcase name="shouldCreateRecordAndExposeValues()" classname="com.pip.studentdetails.backend.response.StudentRankingRecordTest" time="0.0"/>
  <system-out><![CDATA[]]></system-out>
  <system-err><![CDATA[]]></system-err>
</testsuite>
