<?xml version="1.0" encoding="UTF-8"?>
<testsuite name="com.pip.studentdetails.backend.response.DepartmentTopperRecordTest" tests="2" skipped="0" failures="0" errors="0" timestamp="2026-02-22T21:45:46" hostname="BDC6-L-141HVWQ" time="0.01">
  <properties/>
  <testcase name="equalsAndHashCodeShouldWorkForSameValues()" classname="com.pip.studentdetails.backend.response.DepartmentTopperRecordTest" time="0.008"/>
  <testcase name="shouldCreateRecordAndExposeValues()" classname="com.pip.studentdetails.backend.response.DepartmentTopperRecordTest" time="0.001"/>
  <system-out><![CDATA[]]></system-out>
  <system-err><![CDATA[]]></system-err>
</testsuite>
