<?xml version="1.0" encoding="UTF-8"?>
<testsuite name="com.pip.studentdetails.backend.controller.StudentBackendControllerTest" tests="22" skipped="0" failures="0" errors="0" timestamp="2026-02-22T21:11:25" hostname="BDC6-L-141HVWQ" time="1.457">
  <properties/>
  <testcase name="callToBackend_success()" classname="com.pip.studentdetails.backend.controller.StudentBackendControllerTest" time="0.315"/>
  <testcase name="createStudent_malformedJson_500()" classname="com.pip.studentdetails.backend.controller.StudentBackendControllerTest" time="0.291"/>
  <testcase name="getDepartmentWisePassPercentageDetailsSuccess()" classname="com.pip.studentdetails.backend.controller.StudentBackendControllerTest" time="0.094"/>
  <testcase name="callToBackend_wrongMethod_returnsMethodNotAllowed()" classname="com.pip.studentdetails.backend.controller.StudentBackendControllerTest" time="0.014"/>
  <testcase name="createStudentDetailsInternalServerErrorFailure()" classname="com.pip.studentdetails.backend.controller.StudentBackendControllerTest" time="0.182"/>
  <testcase name="createStudentValidationFailure()" classname="com.pip.studentdetails.backend.controller.StudentBackendControllerTest" time="0.076"/>
  <testcase name="createStudentInternalServerErrorFailure()" classname="com.pip.studentdetails.backend.controller.StudentBackendControllerTest" time="0.014"/>
  <testcase name="getDepartmentWiseRankingDetailsSuccess()" classname="com.pip.studentdetails.backend.controller.StudentBackendControllerTest" time="0.038"/>
  <testcase name="getDepartmentTopperDetailsException()" classname="com.pip.studentdetails.backend.controller.StudentBackendControllerTest" time="0.013"/>
  <testcase name="createStudentDetailsSuccess()" classname="com.pip.studentdetails.backend.controller.StudentBackendControllerTest" time="0.013"/>
  <testcase name="getDepartmentWisePassPercentageDetailsException()" classname="com.pip.studentdetails.backend.controller.StudentBackendControllerTest" time="0.01"/>
  <testcase name="getDepartmentTopperDetailsSuccess()" classname="com.pip.studentdetails.backend.controller.StudentBackendControllerTest" time="0.012"/>
  <testcase name="createStudentSuccess()" classname="com.pip.studentdetails.backend.controller.StudentBackendControllerTest" time="0.013"/>
  <testcase name="createStudentSuccess_returns201AndBody()" classname="com.pip.studentdetails.backend.controller.StudentBackendControllerTest" time="0.191"/>
  <testcase name="getDepartmentWiseRankingDetailsFailure()" classname="com.pip.studentdetails.backend.controller.StudentBackendControllerTest" time="0.024"/>
  <testcase name="createStudent_emptyBody_500()" classname="com.pip.studentdetails.backend.controller.StudentBackendControllerTest" time="0.007"/>
  <testcase name="createStudentDetailsDataIntegrityViolationFailure()" classname="com.pip.studentdetails.backend.controller.StudentBackendControllerTest" time="0.018"/>
  <testcase name="createStudentDetailsValidationFailure()" classname="com.pip.studentdetails.backend.controller.StudentBackendControllerTest" time="0.013"/>
  <testcase name="getDepartmentTopperDetailsFailure()" classname="com.pip.studentdetails.backend.controller.StudentBackendControllerTest" time="0.011"/>
  <testcase name="createStudent_getMethodNotAllowed_405()" classname="com.pip.studentdetails.backend.controller.StudentBackendControllerTest" time="0.015"/>
  <testcase name="getDepartmentWiseRankingDetailsException()" classname="com.pip.studentdetails.backend.controller.StudentBackendControllerTest" time="0.013"/>
  <testcase name="createStudentDataIntegrityViolationFailure()" classname="com.pip.studentdetails.backend.controller.StudentBackendControllerTest" time="0.015"/>
  <system-out><![CDATA[2026-02-23 02:41:23.846  INFO 40856 --- [    Test worker] .b.t.a.w.s.WebMvcTestContextBootstrapper : Neither @ContextConfiguration nor @ContextHierarchy found for test class [com.pip.studentdetails.backend.controller.StudentBackendControllerTest], using SpringBootContextLoader
2026-02-23 02:41:23.848  INFO 40856 --- [    Test worker] o.s.t.c.support.AbstractContextLoader    : Could not detect default resource locations for test class [com.pip.studentdetails.backend.controller.StudentBackendControllerTest]: no resource found for suffixes {-context.xml, Context.groovy}.
2026-02-23 02:41:23.848  INFO 40856 --- [    Test worker] t.c.s.AnnotationConfigContextLoaderUtils : Could not detect default configuration classes for test class [com.pip.studentdetails.backend.controller.StudentBackendControllerTest]: StudentBackendControllerTest does not declare any static, non-private, non-final, nested classes annotated with @Configuration.
2026-02-23 02:41:23.920  INFO 40856 --- [    Test worker] .b.t.c.SpringBootTestContextBootstrapper : Found @SpringBootConfiguration com.pip.studentdetails.backend.StudentBackendApplication for test class com.pip.studentdetails.backend.controller.StudentBackendControllerTest
2026-02-23 02:41:23.924  INFO 40856 --- [    Test worker] .b.t.a.w.s.WebMvcTestContextBootstrapper : Loaded default TestExecutionListener class names from location [META-INF/spring.factories]: [org.springframework.boot.test.autoconfigure.restdocs.RestDocsTestExecutionListener, org.springframework.boot.test.autoconfigure.web.client.MockRestServiceServerResetTestExecutionListener, org.springframework.boot.test.autoconfigure.web.servlet.MockMvcPrintOnlyOnFailureTestExecutionListener, org.springframework.boot.test.autoconfigure.web.servlet.WebDriverTestExecutionListener, org.springframework.boot.test.autoconfigure.webservices.client.MockWebServiceServerTestExecutionListener, org.springframework.boot.test.mock.mockito.MockitoTestExecutionListener, org.springframework.boot.test.mock.mockito.ResetMocksTestExecutionListener, org.springframework.test.context.web.ServletTestExecutionListener, org.springframework.test.context.support.DirtiesContextBeforeModesTestExecutionListener, org.springframework.test.context.event.ApplicationEventsTestExecutionListener, org.springframework.test.context.support.DependencyInjectionTestExecutionListener, org.springframework.test.context.support.DirtiesContextTestExecutionListener, org.springframework.test.context.transaction.TransactionalTestExecutionListener, org.springframework.test.context.jdbc.SqlScriptsTestExecutionListener, org.springframework.test.context.event.EventPublishingTestExecutionListener]
2026-02-23 02:41:23.925  INFO 40856 --- [    Test worker] .b.t.a.w.s.WebMvcTestContextBootstrapper : Using TestExecutionListeners: [org.springframework.test.context.web.ServletTestExecutionListener@187fb0cf, org.springframework.test.context.support.DirtiesContextBeforeModesTestExecutionListener@2b9b61f4, org.springframework.test.context.event.ApplicationEventsTestExecutionListener@692b6703, org.springframework.boot.test.mock.mockito.MockitoTestExecutionListener@346ee7b6, org.springframework.boot.test.autoconfigure.SpringBootDependencyInjectionTestExecutionListener@51f2d03c, org.springframework.test.context.support.DirtiesContextTestExecutionListener@21168f37, org.springframework.test.context.transaction.TransactionalTestExecutionListener@1337e769, org.springframework.test.context.jdbc.SqlScriptsTestExecutionListener@5027e1ee, org.springframework.test.context.event.EventPublishingTestExecutionListener@1793a8e6, org.springframework.boot.test.autoconfigure.restdocs.RestDocsTestExecutionListener@269e214, org.springframework.boot.test.autoconfigure.web.client.MockRestServiceServerResetTestExecutionListener@2ec9419f, org.springframework.boot.test.autoconfigure.web.servlet.MockMvcPrintOnlyOnFailureTestExecutionListener@418eed39, org.springframework.boot.test.autoconfigure.web.servlet.WebDriverTestExecutionListener@4b50b976, org.springframework.boot.test.autoconfigure.webservices.client.MockWebServiceServerTestExecutionListener@6649b4a, org.springframework.boot.test.mock.mockito.ResetMocksTestExecutionListener@6245f7a0]

  .   ____          _            __ _ _
 /\\ / ___'_ __ _ _(_)_ __  __ _ \ \ \ \
( ( )\___ | '_ | '_| | '_ \/ _` | \ \ \ \
 \\/  ___)| |_)| | | | | || (_| |  ) ) ) )
  '  |____| .__|_| |_|_| |_\__, | / / / /
 =========|_|==============|___/=/_/_/_/
 :: Spring Boot ::               (v2.7.18)

2026-02-23 02:41:24.006  INFO 40856 --- [    Test worker] c.p.s.b.c.StudentBackendControllerTest   : Starting StudentBackendControllerTest using Java 17.0.12 on bdc6-l-141hvwq with PID 40856 (started by harini.lebaku in C:\Users\harini.lebaku\Downloads\Harini\Harini\Project internal\student-details-backend)
2026-02-23 02:41:24.006  INFO 40856 --- [    Test worker] c.p.s.b.c.StudentBackendControllerTest   : No active profile set, falling back to 1 default profile: "default"
2026-02-23 02:41:25.716  INFO 40856 --- [    Test worker] o.s.b.t.m.w.SpringBootMockServletContext : Initializing Spring TestDispatcherServlet ''
2026-02-23 02:41:25.716  INFO 40856 --- [    Test worker] o.s.t.web.servlet.TestDispatcherServlet  : Initializing Servlet ''
2026-02-23 02:41:25.720  INFO 40856 --- [    Test worker] o.s.t.web.servlet.TestDispatcherServlet  : Completed initialization in 4 ms
2026-02-23 02:41:25.770  INFO 40856 --- [    Test worker] c.p.s.b.c.StudentBackendControllerTest   : Started StudentBackendControllerTest in 1.837 seconds (JVM running for 31.82)
2026-02-23 02:41:26.507  WARN 40856 --- [    Test worker] .w.s.m.s.DefaultHandlerExceptionResolver : Resolved [org.springframework.web.HttpRequestMethodNotSupportedException: Request method 'GET' not supported]
2026-02-23 02:41:27.199  WARN 40856 --- [    Test worker] .w.s.m.s.DefaultHandlerExceptionResolver : Resolved [org.springframework.web.HttpRequestMethodNotSupportedException: Request method 'GET' not supported]
]]></system-out>
  <system-err><![CDATA[]]></system-err>
</testsuite>
